This is pdfTeX, Version 3.14159265-2.6-1.40.20 (TeX Live 2019) (preloaded format=pdflatex 2024.7.7)  14 JUL 2024 14:56
entering extended mode
 \write18 enabled.
 %&-line parsing enabled.
**MAP2302book-full.tex
(./MAP2302book-full.tex
LaTeX2e <2020-02-02> patch level 5
L3 programming layer <2020-02-25>
(/home/jason/texmf/tex/latex/ximera/xourse.cls
Document Class: xourse 2018/10/28 v1.00 Combining Ximera activities into Xourse
s
(/home/jason/texmf/tex/latex/ximera/ximera.cls
Document Class: ximera 2018/10/28 v1.00 Simultaneously write print and online i
nteractive materials

'::.   .::' ::  :::::     :::::  .:::::::::::::::::::.    ::: 
  '::.::'   :: ::: :::   ::: ::: ::                :::   ::':: 
    :::     :: :::  ::: :::  :::  ::::::::: .::::::::'  ::' ':: 
  .::'::.   :: :::  ::: :::  ::: ::         ::  '::.   ::'   ':: 
.::'   '::. :: :::   ':::'   ::: '::::::::: ::    '::.::'     ':: 

(/usr/local/texlive/2019/texmf-dist/tex/latex/base/article.cls
Document Class: article 2019/12/20 v1.4l Standard LaTeX document class
(/usr/local/texlive/2019/texmf-dist/tex/latex/base/size10.clo
File: size10.clo 2019/12/20 v1.4l Standard LaTeX file (size option)
)
\c@part=\count167
\c@section=\count168
\c@subsection=\count169
\c@subsubsection=\count170
\c@paragraph=\count171
\c@subparagraph=\count172
\c@figure=\count173
\c@table=\count174
\abovecaptionskip=\skip47
\belowcaptionskip=\skip48
\bibindent=\dimen134
)
(/usr/local/texlive/2019/texmf-dist/tex/latex/cancel/cancel.sty
Package: cancel 2013/04/12 v2.2 Cancel math terms
)
(/usr/local/texlive/2019/texmf-dist/tex/latex/enumitem/enumitem.sty
Package: enumitem 2019/06/20 v3.9 Customized lists
\enitkv@toks@=\toks15
\labelindent=\skip49
\enit@outerparindent=\dimen135
\enit@toks=\toks16
\enit@inbox=\box45
\enit@count@id=\count175
\enitdp@description=\count176
)
(/usr/local/texlive/2019/texmf-dist/tex/latex/titlesec/titlesec.sty
Package: titlesec 2019/10/16 v2.13 Sectioning titles
\ttl@box=\box46
\beforetitleunit=\skip50
\aftertitleunit=\skip51
\ttl@plus=\dimen136
\ttl@minus=\dimen137
\ttl@toksa=\toks17
\titlewidth=\dimen138
\titlewidthlast=\dimen139
\titlewidthfirst=\dimen140

(/usr/local/texlive/2019/texmf-dist/tex/latex/titlesec/titleps.sty))
(/usr/local/texlive/2019/texmf-dist/tex/latex/titlesec/titletoc.sty
Package: titletoc 2019/10/16 v2.13 TOC entries
\ttl@leftsep=\dimen141
)
(/usr/local/texlive/2019/texmf-dist/tex/latex/titling/titling.sty
Package: titling 2009/09/04 v2.1d maketitle typesetting
\thanksmarkwidth=\skip52
\thanksmargin=\skip53
\droptitle=\skip54
)
(/usr/local/texlive/2019/texmf-dist/tex/latex/url/url.sty
\Urlmuskip=\muskip16
Package: url 2013/09/16  ver 3.4  Verb mode for urls, etc.
)
(/usr/local/texlive/2019/texmf-dist/tex/latex/xcolor/xcolor.sty
Package: xcolor 2016/05/11 v2.12 LaTeX color extensions (UK)

(/usr/local/texlive/2019/texmf-dist/tex/latex/graphics-cfg/color.cfg
File: color.cfg 2016/01/02 v1.6 sample color configuration
)
Package xcolor Info: Driver file: pdftex.def on input line 225.

(/usr/local/texlive/2019/texmf-dist/tex/latex/graphics-def/pdftex.def
File: pdftex.def 2018/01/08 v1.0l Graphics/color driver for pdftex
)
(/usr/local/texlive/2019/texmf-dist/tex/latex/colortbl/colortbl.sty
Package: colortbl 2020/01/04 v1.0e Color table columns (DPC)

(/usr/local/texlive/2019/texmf-dist/tex/latex/tools/array.sty
Package: array 2019/08/31 v2.4l Tabular extension package (FMi)
\col@sep=\dimen142
\ar@mcellbox=\box47
\extrarowheight=\dimen143
\NC@list=\toks18
\extratabsurround=\skip55
\backup@length=\skip56
\ar@cellbox=\box48
)
\everycr=\toks19
\minrowclearance=\skip57
)
\rownum=\count177
Package xcolor Info: Model `cmy' substituted by `cmy0' on input line 1348.
Package xcolor Info: Model `hsb' substituted by `rgb' on input line 1352.
Package xcolor Info: Model `RGB' extended on input line 1364.
Package xcolor Info: Model `HTML' substituted by `rgb' on input line 1366.
Package xcolor Info: Model `Hsb' substituted by `hsb' on input line 1367.
Package xcolor Info: Model `tHsb' substituted by `hsb' on input line 1368.
Package xcolor Info: Model `HSB' substituted by `hsb' on input line 1369.
Package xcolor Info: Model `Gray' substituted by `gray' on input line 1370.
Package xcolor Info: Model `wave' substituted by `hsb' on input line 1371.
)
(/usr/local/texlive/2019/texmf-dist/tex/latex/pgf/frontendlayer/tikz.sty
(/usr/local/texlive/2019/texmf-dist/tex/latex/pgf/basiclayer/pgf.sty
(/usr/local/texlive/2019/texmf-dist/tex/latex/pgf/utilities/pgfrcs.sty
(/usr/local/texlive/2019/texmf-dist/tex/generic/pgf/utilities/pgfutil-common.te
x
\pgfutil@everybye=\toks20
\pgfutil@tempdima=\dimen144
\pgfutil@tempdimb=\dimen145

(/usr/local/texlive/2019/texmf-dist/tex/generic/pgf/utilities/pgfutil-common-li
sts.tex))
(/usr/local/texlive/2019/texmf-dist/tex/generic/pgf/utilities/pgfutil-latex.def
\pgfutil@abb=\box49
(/usr/local/texlive/2019/texmf-dist/tex/latex/ms/everyshi.sty
Package: everyshi 2001/05/15 v3.00 EveryShipout Package (MS)
))
(/usr/local/texlive/2019/texmf-dist/tex/generic/pgf/utilities/pgfrcs.code.tex
(/usr/local/texlive/2019/texmf-dist/tex/generic/pgf/pgf.revision.tex)
Package: pgfrcs 2020/01/08 v3.1.5b (3.1.5b)
))
Package: pgf 2020/01/08 v3.1.5b (3.1.5b)

(/usr/local/texlive/2019/texmf-dist/tex/latex/pgf/basiclayer/pgfcore.sty
(/usr/local/texlive/2019/texmf-dist/tex/latex/graphics/graphicx.sty
Package: graphicx 2019/11/30 v1.2a Enhanced LaTeX Graphics (DPC,SPQR)

(/usr/local/texlive/2019/texmf-dist/tex/latex/graphics/keyval.sty
Package: keyval 2014/10/28 v1.15 key=value parser (DPC)
\KV@toks@=\toks21
)
(/usr/local/texlive/2019/texmf-dist/tex/latex/graphics/graphics.sty
Package: graphics 2019/11/30 v1.4a Standard LaTeX Graphics (DPC,SPQR)

(/usr/local/texlive/2019/texmf-dist/tex/latex/graphics/trig.sty
Package: trig 2016/01/03 v1.10 sin cos tan (DPC)
)
(/usr/local/texlive/2019/texmf-dist/tex/latex/graphics-cfg/graphics.cfg
File: graphics.cfg 2016/06/04 v1.11 sample graphics configuration
)
Package graphics Info: Driver file: pdftex.def on input line 105.
)
\Gin@req@height=\dimen146
\Gin@req@width=\dimen147
)
(/usr/local/texlive/2019/texmf-dist/tex/latex/pgf/systemlayer/pgfsys.sty
(/usr/local/texlive/2019/texmf-dist/tex/generic/pgf/systemlayer/pgfsys.code.tex
Package: pgfsys 2020/01/08 v3.1.5b (3.1.5b)
(/usr/local/texlive/2019/texmf-dist/tex/generic/pgf/utilities/pgfkeys.code.tex
\pgfkeys@pathtoks=\toks22
\pgfkeys@temptoks=\toks23

(/usr/local/texlive/2019/texmf-dist/tex/generic/pgf/utilities/pgfkeysfiltered.c
ode.tex
\pgfkeys@tmptoks=\toks24
))
\pgf@x=\dimen148
\pgf@y=\dimen149
\pgf@xa=\dimen150
\pgf@ya=\dimen151
\pgf@xb=\dimen152
\pgf@yb=\dimen153
\pgf@xc=\dimen154
\pgf@yc=\dimen155
\pgf@xd=\dimen156
\pgf@yd=\dimen157
\w@pgf@writea=\write3
\r@pgf@reada=\read2
\c@pgf@counta=\count178
\c@pgf@countb=\count179
\c@pgf@countc=\count180
\c@pgf@countd=\count181
\t@pgf@toka=\toks25
\t@pgf@tokb=\toks26
\t@pgf@tokc=\toks27
\pgf@sys@id@count=\count182

(/usr/local/texlive/2019/texmf-dist/tex/generic/pgf/systemlayer/pgf.cfg
File: pgf.cfg 2020/01/08 v3.1.5b (3.1.5b)
)
Driver file for pgf: pgfsys-pdftex.def

(/usr/local/texlive/2019/texmf-dist/tex/generic/pgf/systemlayer/pgfsys-pdftex.d
ef
File: pgfsys-pdftex.def 2020/01/08 v3.1.5b (3.1.5b)

(/usr/local/texlive/2019/texmf-dist/tex/generic/pgf/systemlayer/pgfsys-common-p
df.def
File: pgfsys-common-pdf.def 2020/01/08 v3.1.5b (3.1.5b)
)))
(/usr/local/texlive/2019/texmf-dist/tex/generic/pgf/systemlayer/pgfsyssoftpath.
code.tex
File: pgfsyssoftpath.code.tex 2020/01/08 v3.1.5b (3.1.5b)
\pgfsyssoftpath@smallbuffer@items=\count183
\pgfsyssoftpath@bigbuffer@items=\count184
)
(/usr/local/texlive/2019/texmf-dist/tex/generic/pgf/systemlayer/pgfsysprotocol.
code.tex
File: pgfsysprotocol.code.tex 2020/01/08 v3.1.5b (3.1.5b)
))
(/usr/local/texlive/2019/texmf-dist/tex/generic/pgf/basiclayer/pgfcore.code.tex
Package: pgfcore 2020/01/08 v3.1.5b (3.1.5b)
(/usr/local/texlive/2019/texmf-dist/tex/generic/pgf/math/pgfmath.code.tex
(/usr/local/texlive/2019/texmf-dist/tex/generic/pgf/math/pgfmathcalc.code.tex
(/usr/local/texlive/2019/texmf-dist/tex/generic/pgf/math/pgfmathutil.code.tex)
(/usr/local/texlive/2019/texmf-dist/tex/generic/pgf/math/pgfmathparser.code.tex
\pgfmath@dimen=\dimen158
\pgfmath@count=\count185
\pgfmath@box=\box50
\pgfmath@toks=\toks28
\pgfmath@stack@operand=\toks29
\pgfmath@stack@operation=\toks30
)
(/usr/local/texlive/2019/texmf-dist/tex/generic/pgf/math/pgfmathfunctions.code.
tex
(/usr/local/texlive/2019/texmf-dist/tex/generic/pgf/math/pgfmathfunctions.basic
.code.tex)
(/usr/local/texlive/2019/texmf-dist/tex/generic/pgf/math/pgfmathfunctions.trigo
nometric.code.tex)
(/usr/local/texlive/2019/texmf-dist/tex/generic/pgf/math/pgfmathfunctions.rando
m.code.tex)
(/usr/local/texlive/2019/texmf-dist/tex/generic/pgf/math/pgfmathfunctions.compa
rison.code.tex)
(/usr/local/texlive/2019/texmf-dist/tex/generic/pgf/math/pgfmathfunctions.base.
code.tex)
(/usr/local/texlive/2019/texmf-dist/tex/generic/pgf/math/pgfmathfunctions.round
.code.tex)
(/usr/local/texlive/2019/texmf-dist/tex/generic/pgf/math/pgfmathfunctions.misc.
code.tex)
(/usr/local/texlive/2019/texmf-dist/tex/generic/pgf/math/pgfmathfunctions.integ
erarithmetics.code.tex)))
(/usr/local/texlive/2019/texmf-dist/tex/generic/pgf/math/pgfmathfloat.code.tex
\c@pgfmathroundto@lastzeros=\count186
)) (/usr/local/texlive/2019/texmf-dist/tex/generic/pgf/math/pgfint.code.tex)
(/usr/local/texlive/2019/texmf-dist/tex/generic/pgf/basiclayer/pgfcorepoints.co
de.tex
File: pgfcorepoints.code.tex 2020/01/08 v3.1.5b (3.1.5b)
\pgf@picminx=\dimen159
\pgf@picmaxx=\dimen160
\pgf@picminy=\dimen161
\pgf@picmaxy=\dimen162
\pgf@pathminx=\dimen163
\pgf@pathmaxx=\dimen164
\pgf@pathminy=\dimen165
\pgf@pathmaxy=\dimen166
\pgf@xx=\dimen167
\pgf@xy=\dimen168
\pgf@yx=\dimen169
\pgf@yy=\dimen170
\pgf@zx=\dimen171
\pgf@zy=\dimen172
)
(/usr/local/texlive/2019/texmf-dist/tex/generic/pgf/basiclayer/pgfcorepathconst
ruct.code.tex
File: pgfcorepathconstruct.code.tex 2020/01/08 v3.1.5b (3.1.5b)
\pgf@path@lastx=\dimen173
\pgf@path@lasty=\dimen174
)
(/usr/local/texlive/2019/texmf-dist/tex/generic/pgf/basiclayer/pgfcorepathusage
.code.tex
File: pgfcorepathusage.code.tex 2020/01/08 v3.1.5b (3.1.5b)
\pgf@shorten@end@additional=\dimen175
\pgf@shorten@start@additional=\dimen176
)
(/usr/local/texlive/2019/texmf-dist/tex/generic/pgf/basiclayer/pgfcorescopes.co
de.tex
File: pgfcorescopes.code.tex 2020/01/08 v3.1.5b (3.1.5b)
\pgfpic=\box51
\pgf@hbox=\box52
\pgf@layerbox@main=\box53
\pgf@picture@serial@count=\count187
)
(/usr/local/texlive/2019/texmf-dist/tex/generic/pgf/basiclayer/pgfcoregraphicst
ate.code.tex
File: pgfcoregraphicstate.code.tex 2020/01/08 v3.1.5b (3.1.5b)
\pgflinewidth=\dimen177
)
(/usr/local/texlive/2019/texmf-dist/tex/generic/pgf/basiclayer/pgfcoretransform
ations.code.tex
File: pgfcoretransformations.code.tex 2020/01/08 v3.1.5b (3.1.5b)
\pgf@pt@x=\dimen178
\pgf@pt@y=\dimen179
\pgf@pt@temp=\dimen180
)
(/usr/local/texlive/2019/texmf-dist/tex/generic/pgf/basiclayer/pgfcorequick.cod
e.tex
File: pgfcorequick.code.tex 2020/01/08 v3.1.5b (3.1.5b)
)
(/usr/local/texlive/2019/texmf-dist/tex/generic/pgf/basiclayer/pgfcoreobjects.c
ode.tex
File: pgfcoreobjects.code.tex 2020/01/08 v3.1.5b (3.1.5b)
)
(/usr/local/texlive/2019/texmf-dist/tex/generic/pgf/basiclayer/pgfcorepathproce
ssing.code.tex
File: pgfcorepathprocessing.code.tex 2020/01/08 v3.1.5b (3.1.5b)
)
(/usr/local/texlive/2019/texmf-dist/tex/generic/pgf/basiclayer/pgfcorearrows.co
de.tex
File: pgfcorearrows.code.tex 2020/01/08 v3.1.5b (3.1.5b)
\pgfarrowsep=\dimen181
)
(/usr/local/texlive/2019/texmf-dist/tex/generic/pgf/basiclayer/pgfcoreshade.cod
e.tex
File: pgfcoreshade.code.tex 2020/01/08 v3.1.5b (3.1.5b)
\pgf@max=\dimen182
\pgf@sys@shading@range@num=\count188
\pgf@shadingcount=\count189
)
(/usr/local/texlive/2019/texmf-dist/tex/generic/pgf/basiclayer/pgfcoreimage.cod
e.tex
File: pgfcoreimage.code.tex 2020/01/08 v3.1.5b (3.1.5b)

(/usr/local/texlive/2019/texmf-dist/tex/generic/pgf/basiclayer/pgfcoreexternal.
code.tex
File: pgfcoreexternal.code.tex 2020/01/08 v3.1.5b (3.1.5b)
\pgfexternal@startupbox=\box54
))
(/usr/local/texlive/2019/texmf-dist/tex/generic/pgf/basiclayer/pgfcorelayers.co
de.tex
File: pgfcorelayers.code.tex 2020/01/08 v3.1.5b (3.1.5b)
)
(/usr/local/texlive/2019/texmf-dist/tex/generic/pgf/basiclayer/pgfcoretranspare
ncy.code.tex
File: pgfcoretransparency.code.tex 2020/01/08 v3.1.5b (3.1.5b)
)
(/usr/local/texlive/2019/texmf-dist/tex/generic/pgf/basiclayer/pgfcorepatterns.
code.tex
File: pgfcorepatterns.code.tex 2020/01/08 v3.1.5b (3.1.5b)
)
(/usr/local/texlive/2019/texmf-dist/tex/generic/pgf/basiclayer/pgfcorerdf.code.
tex
File: pgfcorerdf.code.tex 2020/01/08 v3.1.5b (3.1.5b)
)))
(/usr/local/texlive/2019/texmf-dist/tex/generic/pgf/modules/pgfmoduleshapes.cod
e.tex
File: pgfmoduleshapes.code.tex 2020/01/08 v3.1.5b (3.1.5b)
\pgfnodeparttextbox=\box55
)
(/usr/local/texlive/2019/texmf-dist/tex/generic/pgf/modules/pgfmoduleplot.code.
tex
File: pgfmoduleplot.code.tex 2020/01/08 v3.1.5b (3.1.5b)
)
(/usr/local/texlive/2019/texmf-dist/tex/latex/pgf/compatibility/pgfcomp-version
-0-65.sty
Package: pgfcomp-version-0-65 2020/01/08 v3.1.5b (3.1.5b)
\pgf@nodesepstart=\dimen183
\pgf@nodesepend=\dimen184
)
(/usr/local/texlive/2019/texmf-dist/tex/latex/pgf/compatibility/pgfcomp-version
-1-18.sty
Package: pgfcomp-version-1-18 2020/01/08 v3.1.5b (3.1.5b)
))
(/usr/local/texlive/2019/texmf-dist/tex/latex/pgf/utilities/pgffor.sty
(/usr/local/texlive/2019/texmf-dist/tex/latex/pgf/utilities/pgfkeys.sty
(/usr/local/texlive/2019/texmf-dist/tex/generic/pgf/utilities/pgfkeys.code.tex)
) (/usr/local/texlive/2019/texmf-dist/tex/latex/pgf/math/pgfmath.sty
(/usr/local/texlive/2019/texmf-dist/tex/generic/pgf/math/pgfmath.code.tex))
(/usr/local/texlive/2019/texmf-dist/tex/generic/pgf/utilities/pgffor.code.tex
Package: pgffor 2020/01/08 v3.1.5b (3.1.5b)

(/usr/local/texlive/2019/texmf-dist/tex/generic/pgf/math/pgfmath.code.tex)
\pgffor@iter=\dimen185
\pgffor@skip=\dimen186
\pgffor@stack=\toks31
\pgffor@toks=\toks32
))
(/usr/local/texlive/2019/texmf-dist/tex/generic/pgf/frontendlayer/tikz/tikz.cod
e.tex
Package: tikz 2020/01/08 v3.1.5b (3.1.5b)

(/usr/local/texlive/2019/texmf-dist/tex/generic/pgf/libraries/pgflibraryplothan
dlers.code.tex
File: pgflibraryplothandlers.code.tex 2020/01/08 v3.1.5b (3.1.5b)
\pgf@plot@mark@count=\count190
\pgfplotmarksize=\dimen187
)
\tikz@lastx=\dimen188
\tikz@lasty=\dimen189
\tikz@lastxsaved=\dimen190
\tikz@lastysaved=\dimen191
\tikz@lastmovetox=\dimen192
\tikz@lastmovetoy=\dimen193
\tikzleveldistance=\dimen194
\tikzsiblingdistance=\dimen195
\tikz@figbox=\box56
\tikz@figbox@bg=\box57
\tikz@tempbox=\box58
\tikz@tempbox@bg=\box59
\tikztreelevel=\count191
\tikznumberofchildren=\count192
\tikznumberofcurrentchild=\count193
\tikz@fig@count=\count194

(/usr/local/texlive/2019/texmf-dist/tex/generic/pgf/modules/pgfmodulematrix.cod
e.tex
File: pgfmodulematrix.code.tex 2020/01/08 v3.1.5b (3.1.5b)
\pgfmatrixcurrentrow=\count195
\pgfmatrixcurrentcolumn=\count196
\pgf@matrix@numberofcolumns=\count197
)
\tikz@expandcount=\count198

(/usr/local/texlive/2019/texmf-dist/tex/generic/pgf/frontendlayer/tikz/librarie
s/tikzlibrarytopaths.code.tex
File: tikzlibrarytopaths.code.tex 2020/01/08 v3.1.5b (3.1.5b)
)))
(/usr/local/texlive/2019/texmf-dist/tex/latex/pgfplots/pgfplots.sty
(/usr/local/texlive/2019/texmf-dist/tex/generic/pgfplots/pgfplots.revision.tex)
Package: pgfplots 2018/03/28 v1.16 Data Visualization (1.16)
(/usr/local/texlive/2019/texmf-dist/tex/generic/pgfplots/pgfplots.code.tex
(/usr/local/texlive/2019/texmf-dist/tex/generic/pgfplots/pgfplotscore.code.tex
\t@pgfplots@toka=\toks33
\t@pgfplots@tokb=\toks34
\t@pgfplots@tokc=\toks35
\pgfplots@tmpa=\dimen196
\c@pgfplots@coordindex=\count199
\c@pgfplots@scanlineindex=\count266

(/usr/local/texlive/2019/texmf-dist/tex/generic/pgfplots/sys/pgfplotssysgeneric
.code.tex))
(/usr/local/texlive/2019/texmf-dist/tex/generic/pgfplots/libs/pgfplotslibrary.c
ode.tex)
(/usr/local/texlive/2019/texmf-dist/tex/generic/pgfplots/oldpgfcompatib/pgfplot
soldpgfsupp_loader.code.tex
(/usr/local/texlive/2019/texmf-dist/tex/generic/pgf/libraries/pgflibraryfpu.cod
e.tex))
(/usr/local/texlive/2019/texmf-dist/tex/generic/pgfplots/util/pgfplotsutil.code
.tex
(/usr/local/texlive/2019/texmf-dist/tex/generic/pgfplots/liststructure/pgfplots
liststructure.code.tex)
(/usr/local/texlive/2019/texmf-dist/tex/generic/pgfplots/liststructure/pgfplots
liststructureext.code.tex)
(/usr/local/texlive/2019/texmf-dist/tex/generic/pgfplots/liststructure/pgfplots
array.code.tex
\c@pgfplotsarray@tmp=\count267
)
(/usr/local/texlive/2019/texmf-dist/tex/generic/pgfplots/liststructure/pgfplots
matrix.code.tex)
(/usr/local/texlive/2019/texmf-dist/tex/generic/pgfplots/numtable/pgfplotstable
shared.code.tex
\c@pgfplotstable@counta=\count268
\t@pgfplotstable@a=\toks36
)
(/usr/local/texlive/2019/texmf-dist/tex/generic/pgfplots/liststructure/pgfplots
deque.code.tex)
(/usr/local/texlive/2019/texmf-dist/tex/generic/pgfplots/util/pgfplotsbinary.co
de.tex
(/usr/local/texlive/2019/texmf-dist/tex/generic/pgfplots/util/pgfplotsbinary.da
ta.code.tex))
(/usr/local/texlive/2019/texmf-dist/tex/generic/pgfplots/util/pgfplotsutil.verb
.code.tex)
(/usr/local/texlive/2019/texmf-dist/tex/generic/pgfplots/libs/pgflibrarypgfplot
s.surfshading.code.tex
\c@pgfplotslibrarysurf@no=\count269

(/usr/local/texlive/2019/texmf-dist/tex/generic/pgfplots/sys/pgflibrarypgfplots
.surfshading.pgfsys-pdftex.def)))
(/usr/local/texlive/2019/texmf-dist/tex/generic/pgfplots/util/pgfplotscolormap.
code.tex
(/usr/local/texlive/2019/texmf-dist/tex/generic/pgfplots/util/pgfplotscolor.cod
e.tex))
(/usr/local/texlive/2019/texmf-dist/tex/generic/pgfplots/pgfplotsstackedplots.c
ode.tex)
(/usr/local/texlive/2019/texmf-dist/tex/generic/pgfplots/pgfplotsplothandlers.c
ode.tex
(/usr/local/texlive/2019/texmf-dist/tex/generic/pgfplots/pgfplotsmeshplothandle
r.code.tex
(/usr/local/texlive/2019/texmf-dist/tex/generic/pgfplots/pgfplotsmeshplotimage.
code.tex)))
(/usr/local/texlive/2019/texmf-dist/tex/generic/pgfplots/pgfplots.scaling.code.
tex)
(/usr/local/texlive/2019/texmf-dist/tex/generic/pgfplots/pgfplotscoordprocessin
g.code.tex)
(/usr/local/texlive/2019/texmf-dist/tex/generic/pgfplots/pgfplots.errorbars.cod
e.tex)
(/usr/local/texlive/2019/texmf-dist/tex/generic/pgfplots/pgfplots.markers.code.
tex)
(/usr/local/texlive/2019/texmf-dist/tex/generic/pgfplots/pgfplotsticks.code.tex
)
(/usr/local/texlive/2019/texmf-dist/tex/generic/pgfplots/pgfplots.paths.code.te
x)
(/usr/local/texlive/2019/texmf-dist/tex/generic/pgf/frontendlayer/tikz/librarie
s/tikzlibrarydecorations.code.tex
(/usr/local/texlive/2019/texmf-dist/tex/generic/pgf/modules/pgfmoduledecoration
s.code.tex
\pgfdecoratedcompleteddistance=\dimen197
\pgfdecoratedremainingdistance=\dimen198
\pgfdecoratedinputsegmentcompleteddistance=\dimen199
\pgfdecoratedinputsegmentremainingdistance=\dimen256
\pgf@decorate@distancetomove=\dimen257
\pgf@decorate@repeatstate=\count270
\pgfdecorationsegmentamplitude=\dimen258
\pgfdecorationsegmentlength=\dimen259
)
\tikz@lib@dec@box=\box60
)
(/usr/local/texlive/2019/texmf-dist/tex/generic/pgf/frontendlayer/tikz/librarie
s/tikzlibrarydecorations.pathmorphing.code.tex
(/usr/local/texlive/2019/texmf-dist/tex/generic/pgf/libraries/decorations/pgfli
brarydecorations.pathmorphing.code.tex))
(/usr/local/texlive/2019/texmf-dist/tex/generic/pgf/frontendlayer/tikz/librarie
s/tikzlibrarydecorations.pathreplacing.code.tex
(/usr/local/texlive/2019/texmf-dist/tex/generic/pgf/libraries/decorations/pgfli
brarydecorations.pathreplacing.code.tex))
\pgfplots@numplots=\count271
\pgfplots@xmin@reg=\dimen260
\pgfplots@xmax@reg=\dimen261
\pgfplots@ymin@reg=\dimen262
\pgfplots@ymax@reg=\dimen263
\pgfplots@zmin@reg=\dimen264
\pgfplots@zmax@reg=\dimen265
)
(/usr/local/texlive/2019/texmf-dist/tex/generic/pgf/frontendlayer/tikz/librarie
s/tikzlibraryplotmarks.code.tex
File: tikzlibraryplotmarks.code.tex 2020/01/08 v3.1.5b (3.1.5b)

(/usr/local/texlive/2019/texmf-dist/tex/generic/pgf/libraries/pgflibraryplotmar
ks.code.tex
File: pgflibraryplotmarks.code.tex 2020/01/08 v3.1.5b (3.1.5b)
)))
(/usr/local/texlive/2019/texmf-dist/tex/generic/pgfplots/libs/tikzlibrarypgfplo
ts.groupplots.code.tex
\pgfplots@group@current@plot=\count272
\pgfplots@group@current@row=\count273
\pgfplots@group@current@column=\count274

(/usr/local/texlive/2019/texmf-dist/tex/generic/pgf/frontendlayer/tikz/librarie
s/tikzlibrarycalc.code.tex
File: tikzlibrarycalc.code.tex 2020/01/08 v3.1.5b (3.1.5b)
))
(/usr/local/texlive/2019/texmf-dist/tex/latex/fancyvrb/fancyvrb.sty
Package: fancyvrb 2020/01/13 v3.5 verbatim text (tvz,hv)
\FV@CodeLineNo=\count275
\FV@InFile=\read3
\FV@TabBox=\box61
\c@FancyVerbLine=\count276
\FV@StepNumber=\count277
\FV@OutFile=\write4
)
(/usr/local/texlive/2019/texmf-dist/tex/latex/forloop/forloop.sty
Package: forloop 2006/09/18 v3.0 For Loops for LaTeX

(/usr/local/texlive/2019/texmf-dist/tex/latex/base/ifthen.sty
Package: ifthen 2014/09/29 v1.1c Standard LaTeX ifthen package (DPC)
))
(/usr/local/texlive/2019/texmf-dist/tex/latex/environ/environ.sty
Package: environ 2014/05/04 v0.3 A new way to define environments

(/usr/local/texlive/2019/texmf-dist/tex/latex/trimspaces/trimspaces.sty
Package: trimspaces 2009/09/17 v1.1 Trim spaces around a token list
)
\@envbody=\toks37
)
(/usr/local/texlive/2019/texmf-dist/tex/latex/amsfonts/amssymb.sty
Package: amssymb 2013/01/14 v3.01 AMS font symbols

(/usr/local/texlive/2019/texmf-dist/tex/latex/amsfonts/amsfonts.sty
Package: amsfonts 2013/01/14 v3.01 Basic AMSFonts support
\@emptytoks=\toks38
\symAMSa=\mathgroup4
\symAMSb=\mathgroup5
LaTeX Font Info:    Redeclaring math symbol \hbar on input line 98.
LaTeX Font Info:    Overwriting math alphabet `\mathfrak' in version `bold'
(Font)                  U/euf/m/n --> U/euf/b/n on input line 106.
))
(/usr/local/texlive/2019/texmf-dist/tex/latex/amsmath/amsmath.sty
Package: amsmath 2020/01/20 v2.17e AMS math features
\@mathmargin=\skip58

For additional information on amsmath, use the `?' option.
(/usr/local/texlive/2019/texmf-dist/tex/latex/amsmath/amstext.sty
Package: amstext 2000/06/29 v2.01 AMS text

(/usr/local/texlive/2019/texmf-dist/tex/latex/amsmath/amsgen.sty
File: amsgen.sty 1999/11/30 v2.0 generic functions
\@emptytoks=\toks39
\ex@=\dimen266
))
(/usr/local/texlive/2019/texmf-dist/tex/latex/amsmath/amsbsy.sty
Package: amsbsy 1999/11/29 v1.2d Bold Symbols
\pmbraise@=\dimen267
)
(/usr/local/texlive/2019/texmf-dist/tex/latex/amsmath/amsopn.sty
Package: amsopn 2016/03/08 v2.02 operator names
)
\inf@bad=\count278
LaTeX Info: Redefining \frac on input line 227.
\uproot@=\count279
\leftroot@=\count280
LaTeX Info: Redefining \overline on input line 389.
\classnum@=\count281
\DOTSCASE@=\count282
LaTeX Info: Redefining \ldots on input line 486.
LaTeX Info: Redefining \dots on input line 489.
LaTeX Info: Redefining \cdots on input line 610.
\Mathstrutbox@=\box62
\strutbox@=\box63
\big@size=\dimen268
LaTeX Font Info:    Redeclaring font encoding OML on input line 733.
LaTeX Font Info:    Redeclaring font encoding OMS on input line 734.
\macc@depth=\count283
\c@MaxMatrixCols=\count284
\dotsspace@=\muskip17
\c@parentequation=\count285
\dspbrk@lvl=\count286
\tag@help=\toks40
\row@=\count287
\column@=\count288
\maxfields@=\count289
\andhelp@=\toks41
\eqnshift@=\dimen269
\alignsep@=\dimen270
\tagshift@=\dimen271
\tagwidth@=\dimen272
\totwidth@=\dimen273
\lineht@=\dimen274
\@envbody=\toks42
\multlinegap=\skip59
\multlinetaggap=\skip60
\mathdisplay@stack=\toks43
LaTeX Info: Redefining \[ on input line 2859.
LaTeX Info: Redefining \] on input line 2860.
)
(/usr/local/texlive/2019/texmf-dist/tex/latex/amscls/amsthm.sty
Package: amsthm 2017/10/31 v2.20.4
\thm@style=\toks44
\thm@bodyfont=\toks45
\thm@headfont=\toks46
\thm@notefont=\toks47
\thm@headpunct=\toks48
\thm@preskip=\skip61
\thm@postskip=\skip62
\thm@headsep=\skip63
\dth@everypar=\toks49
)
(/usr/local/texlive/2019/texmf-dist/tex/latex/xifthen/xifthen.sty
Package: xifthen 2015/11/05 v1.4.0 Extended ifthen features

(/usr/local/texlive/2019/texmf-dist/tex/latex/tools/calc.sty
Package: calc 2017/05/25 v4.3 Infix arithmetic (KKT,FJ)
\calc@Acount=\count290
\calc@Bcount=\count291
\calc@Adimen=\dimen275
\calc@Bdimen=\dimen276
\calc@Askip=\skip64
\calc@Bskip=\skip65
LaTeX Info: Redefining \setlength on input line 80.
LaTeX Info: Redefining \addtolength on input line 81.
\calc@Ccount=\count292
\calc@Cskip=\skip66
)
(/usr/local/texlive/2019/texmf-dist/tex/latex/ifmtarg/ifmtarg.sty
Package: ifmtarg 2018/04/16 v1.2b check for an empty argument
))
(/usr/local/texlive/2019/texmf-dist/tex/latex/multido/multido.sty
Package: multido 2004/05/17 package wrapper for PSTricks `multido.tex', (HV/RN)


(/usr/local/texlive/2019/texmf-dist/tex/generic/multido/multido.tex
 v1.42, 2010/05/14 <tvz>
\multido@count=\count293
\multidocount=\count294
\multido@stuff=\toks50
)
File: multido.tex 2010/05/14 v1.42 `multido' (tvz,hv)
)
(/usr/local/texlive/2019/texmf-dist/tex/latex/listings/listings.sty
\lst@mode=\count295
\lst@gtempboxa=\box64
\lst@token=\toks51
\lst@length=\count296
\lst@currlwidth=\dimen277
\lst@column=\count297
\lst@pos=\count298
\lst@lostspace=\dimen278
\lst@width=\dimen279
\lst@newlines=\count299
\lst@lineno=\count300
\lst@maxwidth=\dimen280

(/usr/local/texlive/2019/texmf-dist/tex/latex/listings/lstmisc.sty
File: lstmisc.sty 2019/09/10 1.8c (Carsten Heinz)
\c@lstnumber=\count301
\lst@skipnumbers=\count302
\lst@framebox=\box65
)
(/usr/local/texlive/2019/texmf-dist/tex/latex/listings/listings.cfg
File: listings.cfg 2019/09/10 1.8c listings configuration
))
Package: listings 2019/09/10 1.8c (Carsten Heinz)

(/usr/local/texlive/2019/texmf-dist/tex/latex/xkeyval/xkeyval.sty
Package: xkeyval 2014/12/03 v2.7a package option processing (HA)

(/usr/local/texlive/2019/texmf-dist/tex/generic/xkeyval/xkeyval.tex
(/usr/local/texlive/2019/texmf-dist/tex/generic/xkeyval/xkvutils.tex
\XKV@toks=\toks52
\XKV@tempa@toks=\toks53
)
\XKV@depth=\count303
File: xkeyval.tex 2014/12/03 v2.7a key=value parser (HA)
))
(/usr/local/texlive/2019/texmf-dist/tex/latex/comment/comment.sty
\CommentStream=\write5

Excluding comment 'comment')
(/usr/local/texlive/2019/texmf-dist/tex/generic/gettitlestring/gettitlestring.s
ty
Package: gettitlestring 2019/12/15 v1.6 Cleanup title references (HO)
 (/usr/local/texlive/2019/texmf-dist/tex/latex/kvoptions/kvoptions.sty
Package: kvoptions 2019/11/29 v3.13 Key value format for package options (HO)

(/usr/local/texlive/2019/texmf-dist/tex/generic/ltxcmds/ltxcmds.sty
Package: ltxcmds 2019/12/15 v1.24 LaTeX kernel commands for general use (HO)
)
(/usr/local/texlive/2019/texmf-dist/tex/generic/kvsetkeys/kvsetkeys.sty
Package: kvsetkeys 2019/12/15 v1.18 Key value parser (HO)
)))
(/usr/local/texlive/2019/texmf-dist/tex/latex/hyperref/nameref.sty
Package: nameref 2019/09/16 v2.46 Cross-referencing by name of section

(/usr/local/texlive/2019/texmf-dist/tex/latex/refcount/refcount.sty
Package: refcount 2019/12/15 v3.6 Data extraction from label references (HO)

(/usr/local/texlive/2019/texmf-dist/tex/generic/infwarerr/infwarerr.sty
Package: infwarerr 2019/12/03 v1.5 Providing info/warning/error messages (HO)
))
\c@section@level=\count304
LaTeX Info: Redefining \ref on input line 356.
LaTeX Info: Redefining \pageref on input line 356.
)
(/usr/local/texlive/2019/texmf-dist/tex/latex/epstopdf-pkg/epstopdf.sty
Package: epstopdf 2020-01-24 v2.11 Conversion with epstopdf on the fly (HO)

(/usr/local/texlive/2019/texmf-dist/tex/latex/grfext/grfext.sty
Package: grfext 2019/12/03 v1.3 Manage graphics extensions (HO)

(/usr/local/texlive/2019/texmf-dist/tex/generic/kvdefinekeys/kvdefinekeys.sty
Package: kvdefinekeys 2019-12-19 v1.6 Define keys (HO)
)) (/usr/local/texlive/2019/texmf-dist/tex/latex/pdftexcmds/pdftexcmds.sty
Package: pdftexcmds 2019/11/24 v0.31 Utility functions of pdfTeX for LuaTeX (HO
)

(/usr/local/texlive/2019/texmf-dist/tex/generic/iftex/iftex.sty
Package: iftex 2019/11/07 v1.0c TeX engine tests
)
Package pdftexcmds Info: \pdf@primitive is available.
Package pdftexcmds Info: \pdf@ifprimitive is available.
Package pdftexcmds Info: \pdfdraftmode found.
)
(/usr/local/texlive/2019/texmf-dist/tex/latex/epstopdf-pkg/epstopdf-base.sty
Package: epstopdf-base 2020-01-24 v2.11 Base part for package epstopdf
Package epstopdf-base Info: Redefining graphics rule for `.eps' on input line 4
85.
Package grfext Info: Graphics extension search list:
(grfext)             [.pdf,.png,.jpg,.mps,.jpeg,.jbig2,.jb2,.PDF,.PNG,.JPG,.JPE
G,.JBIG2,.JB2,.eps]
(grfext)             \AppendGraphicsExtensions on input line 504.

(/usr/local/texlive/2019/texmf-dist/tex/latex/latexconfig/epstopdf-sys.cfg
File: epstopdf-sys.cfg 2010/07/13 v1.3 Configuration of (r)epstopdf for TeX Liv
e
)))
(/usr/local/texlive/2019/texmf-dist/tex/latex/hyperref/hyperref.sty
Package: hyperref 2020/01/14 v7.00d Hypertext links for LaTeX

(/usr/local/texlive/2019/texmf-dist/tex/generic/pdfescape/pdfescape.sty
Package: pdfescape 2019/12/09 v1.15 Implements pdfTeX's escape features (HO)
)
(/usr/local/texlive/2019/texmf-dist/tex/latex/hycolor/hycolor.sty
Package: hycolor 2020-01-27 v1.10 Color options for hyperref/bookmark (HO)
)
(/usr/local/texlive/2019/texmf-dist/tex/latex/letltxmacro/letltxmacro.sty
Package: letltxmacro 2019/12/03 v1.6 Let assignment for LaTeX macros (HO)
)
(/usr/local/texlive/2019/texmf-dist/tex/latex/auxhook/auxhook.sty
Package: auxhook 2019-12-17 v1.6 Hooks for auxiliary files (HO)
)
\@linkdim=\dimen281
\Hy@linkcounter=\count305
\Hy@pagecounter=\count306

(/usr/local/texlive/2019/texmf-dist/tex/latex/hyperref/pd1enc.def
File: pd1enc.def 2020/01/14 v7.00d Hyperref: PDFDocEncoding definition (HO)
Now handling font encoding PD1 ...
... no UTF-8 mapping file for font encoding PD1
)
(/usr/local/texlive/2019/texmf-dist/tex/generic/intcalc/intcalc.sty
Package: intcalc 2019/12/15 v1.3 Expandable calculations with integers (HO)
)
(/usr/local/texlive/2019/texmf-dist/tex/generic/etexcmds/etexcmds.sty
Package: etexcmds 2019/12/15 v1.7 Avoid name clashes with e-TeX commands (HO)
)
\Hy@SavedSpaceFactor=\count307
\pdfmajorversion=\count308
Package hyperref Info: Option `pdfpagelabels' set `true' on input line 4421.
Package hyperref Info: Option `colorlinks' set `true' on input line 4421.
Package hyperref Info: Hyper figures OFF on input line 4547.
Package hyperref Info: Link nesting OFF on input line 4552.
Package hyperref Info: Hyper index ON on input line 4555.
Package hyperref Info: Plain pages OFF on input line 4562.
Package hyperref Info: Backreferencing OFF on input line 4567.
Package hyperref Info: Implicit mode ON; LaTeX internals redefined.
Package hyperref Info: Bookmarks ON on input line 4800.
\c@Hy@tempcnt=\count309
LaTeX Info: Redefining \url on input line 5159.
\XeTeXLinkMargin=\dimen282

(/usr/local/texlive/2019/texmf-dist/tex/generic/bitset/bitset.sty
Package: bitset 2019/12/09 v1.3 Handle bit-vector datatype (HO)

(/usr/local/texlive/2019/texmf-dist/tex/generic/bigintcalc/bigintcalc.sty
Package: bigintcalc 2019/12/15 v1.5 Expandable calculations on big integers (HO
)
))
\Fld@menulength=\count310
\Field@Width=\dimen283
\Fld@charsize=\dimen284
Package hyperref Info: Hyper figures OFF on input line 6430.
Package hyperref Info: Link nesting OFF on input line 6435.
Package hyperref Info: Hyper index ON on input line 6438.
Package hyperref Info: backreferencing OFF on input line 6445.
Package hyperref Info: Link coloring ON on input line 6448.
Package hyperref Info: Link coloring with OCG OFF on input line 6455.
Package hyperref Info: PDF/A mode OFF on input line 6460.
LaTeX Info: Redefining \ref on input line 6500.
LaTeX Info: Redefining \pageref on input line 6504.

(/usr/local/texlive/2019/texmf-dist/tex/generic/atbegshi/atbegshi.sty
Package: atbegshi 2019/12/05 v1.19 At begin shipout hook (HO)
)
\Hy@abspage=\count311
\c@Item=\count312
\c@Hfootnote=\count313
)
Package hyperref Info: Driver (autodetected): hpdftex.

(/usr/local/texlive/2019/texmf-dist/tex/latex/hyperref/hpdftex.def
File: hpdftex.def 2020/01/14 v7.00d Hyperref driver for pdfTeX

(/usr/local/texlive/2019/texmf-dist/tex/latex/atveryend/atveryend.sty
Package: atveryend 2019-12-11 v1.11 Hooks at the very end of document (HO)
Package atveryend Info: \enddocument detected (standard20110627).
)
\Fld@listcount=\count314
\c@bookmark@seq@number=\count315

(/usr/local/texlive/2019/texmf-dist/tex/latex/rerunfilecheck/rerunfilecheck.sty
Package: rerunfilecheck 2019/12/05 v1.9 Rerun checks for auxiliary files (HO)

(/usr/local/texlive/2019/texmf-dist/tex/generic/uniquecounter/uniquecounter.sty
Package: uniquecounter 2019/12/15 v1.4 Provide unlimited unique counter (HO)
)
Package uniquecounter Info: New unique counter `rerunfilecheck' on input line 2
86.
)
\Hy@SectionHShift=\skip67
)
\outcomefile=\write6
\openout6 = `MAP2302book-full.oc'.

\c@theorem=\count316
\c@algorithm=\count317
\c@axiom=\count318
\c@claim=\count319
\c@conclusion=\count320
\c@condition=\count321
\c@conjecture=\count322
\c@corollary=\count323
\c@criterion=\count324
\c@definition=\count325
\c@example=\count326
\c@fact=\count327
\c@lemma=\count328
\c@formula=\count329
\c@idea=\count330
\c@notation=\count331
\c@model=\count332
\c@observation=\count333
\c@proposition=\count334
\c@paradox=\count335
\c@procedure=\count336
\c@remark=\count337
\c@summary=\count338
\c@template=\count339
\c@warning=\count340
\c@Iteration@probCnt=\count341
\c@problem=\count342
\c@problem@Depth=\count343
\c@hintLevel=\count344
\c@titlenumber=\count345
\c@sectiontitlenumber=\count346
\idfile=\write7
\openout7 = `MAP2302book-full.ids'.

 (/home/jason/texmf/tex/latex/sagetex.sty
Package: sagetex 2021/10/16 v3.6 embedding Sage into LaTeX documents

(/usr/local/texlive/2019/texmf-dist/tex/latex/tools/verbatim.sty
Package: verbatim 2019/11/10 v1.5r LaTeX2e package for verbatim enhancements
\every@verbatim=\toks54
\verbatim@line=\toks55
\verbatim@in@stream=\read4
)
(/usr/local/texlive/2019/texmf-dist/tex/latex/makecmds/makecmds.sty
Package: makecmds 2009/09/03 v1.0a extra command making commands
)
(/usr/local/texlive/2019/texmf-dist/tex/generic/iftex/ifpdf.sty
Package: ifpdf 2019/10/25 v3.4 ifpdf legacy package. Use iftex instead.
)
(/usr/local/texlive/2019/texmf-dist/tex/generic/iftex/ifxetex.sty
Package: ifxetex 2019/10/25 v0.7 ifxetex legacy package. Use iftex instead.
)
\c@ST@inline=\count347
\c@ST@plot=\count348
\c@ST@cmdline=\count349
\sagetexindent=\skip68

No file MAP2302book-full.sagetex.sout.
\sagecommandlineskip=\skip69
)
\myfile=\write8
\openout8 = `MAP2302book-full.jax'.

)) (./preamble.tex
(/usr/local/texlive/2019/texmf-dist/tex/latex/geometry/geometry.sty
Package: geometry 2020/01/02 v5.9 Page Geometry

(/usr/local/texlive/2019/texmf-dist/tex/generic/iftex/ifvtex.sty
Package: ifvtex 2019/10/25 v1.7 ifvtex legacy package. Use iftex instead.
)
\Gm@cnth=\count350
\Gm@cntv=\count351
\c@Gm@tempcnt=\count352
\Gm@bindingoffset=\dimen285
\Gm@wd@mp=\dimen286
\Gm@odd@mp=\dimen287
\Gm@even@mp=\dimen288
\Gm@layoutwidth=\dimen289
\Gm@layoutheight=\dimen290
\Gm@layouthoffset=\dimen291
\Gm@layoutvoffset=\dimen292
\Gm@dimlist=\toks56
)
(/usr/local/texlive/2019/texmf-dist/tex/latex/tools/indentfirst.sty
Package: indentfirst 1995/11/23 v1.03 Indent first paragraph (DPC)
)
(/usr/local/texlive/2019/texmf-dist/tex/latex/lipsum/lipsum.sty
(/usr/local/texlive/2019/texmf-dist/tex/latex/l3kernel/expl3.sty
Package: expl3 2020-02-25 L3 programming layer (loader) 

(/usr/local/texlive/2019/texmf-dist/tex/latex/l3backend/l3backend-pdfmode.def
File: l3backend-pdfmode.def 2020-02-23 L3 backend support: PDF mode
\l__kernel_color_stack_int=\count353
\l__pdf_internal_box=\box66
)) (/usr/local/texlive/2019/texmf-dist/tex/latex/l3packages/xparse/xparse.sty
Package: xparse 2020-02-25 L3 Experimental document command parser
\l__xparse_current_arg_int=\count354
\g__xparse_grabber_int=\count355
\l__xparse_m_args_int=\count356
\l__xparse_v_nesting_int=\count357
)
Package: lipsum 2019/01/02 v2.2 150 paragraphs of Lorem Ipsum dummy text

(/usr/local/texlive/2019/texmf-dist/tex/latex/lipsum/lipsum.ltd.tex
File: lipsum.ltd.tex 2019/01/02 v2.2 The Lorem ipsum dummy text
))
(/usr/local/texlive/2019/texmf-dist/tex/latex/jknapltx/mathrsfs.sty
Package: mathrsfs 1996/01/01 Math RSFS package v1.0 (jk)
\symrsfs=\mathgroup6
)
(/usr/local/texlive/2019/texmf-dist/tex/latex/tcolorbox/tcolorbox.sty
Package: tcolorbox 2019/11/15 version 4.22 text color boxes

(/usr/local/texlive/2019/texmf-dist/tex/latex/etoolbox/etoolbox.sty
Package: etoolbox 2019/09/21 v2.5h e-TeX tools for LaTeX (JAW)
\etb@tempcnta=\count358
)
\tcb@titlebox=\box67
\tcb@upperbox=\box68
\tcb@lowerbox=\box69
\tcb@phantombox=\box70
\c@tcbbreakpart=\count359
\c@tcblayer=\count360
\tcolorbox@number=\count361
\tcb@temp=\box71
\tcb@temp=\box72
\tcb@temp=\box73
\tcb@temp=\box74
\tcb@out=\write9
\tcb@record@out=\write10
)
(/usr/local/texlive/2019/texmf-dist/tex/latex/oberdiek/hypcap.sty
Package: hypcap 2016/05/16 v1.12 Adjusting the anchors of captions (HO)
)
(/usr/local/texlive/2019/texmf-dist/tex/latex/booktabs/booktabs.sty
Package: booktabs 2020/01/12 v1.61803398 Publication quality tables
\heavyrulewidth=\dimen293
\lightrulewidth=\dimen294
\cmidrulewidth=\dimen295
\belowrulesep=\dimen296
\belowbottomsep=\dimen297
\aboverulesep=\dimen298
\abovetopsep=\dimen299
\cmidrulesep=\dimen300
\cmidrulekern=\dimen301
\defaultaddspace=\dimen302
\@cmidla=\count362
\@cmidlb=\count363
\@aboverulesep=\dimen303
\@belowrulesep=\dimen304
\@thisruleclass=\count364
\@lastruleclass=\count365
\@thisrulewidth=\dimen305
)
(/usr/local/texlive/2019/texmf-dist/tex/latex/units/nicefrac.sty
Package: nicefrac 1998/08/04 v0.9b Nice fractions
\L@UnitsRaiseDisplaystyle=\skip70
\L@UnitsRaiseTextstyle=\skip71
\L@UnitsRaiseScriptstyle=\skip72
)
(/usr/local/texlive/2019/texmf-dist/tex/latex/caption/caption.sty
Package: caption 2020/01/03 v3.4h Customizing captions (AR)

(/usr/local/texlive/2019/texmf-dist/tex/latex/caption/caption3.sty
Package: caption3 2020/01/03 v1.8h caption3 kernel (AR)
Package caption3 Info: TeX engine: e-TeX on input line 61.
\captionmargin=\dimen306
\captionmargin@=\dimen307
\captionwidth=\dimen308
\caption@tempdima=\dimen309
\caption@indent=\dimen310
\caption@parindent=\dimen311
\caption@hangindent=\dimen312
Package caption Info: Standard document class detected.
)
\c@caption@flags=\count366
\c@continuedfloat=\count367
Package caption Info: hyperref package is loaded.
Package caption Info: hypcap package is loaded.
Package caption Info: listings package is loaded.
)
(/usr/local/texlive/2019/texmf-dist/tex/latex/units/units.sty
Package: units 1998/08/04 v0.9b Typesetting units
) (./mywrapfig.sty
\wrapintextsep=\skip73
\wrapoverhang=\dimen313
\WF@size=\dimen314
\c@WF@wrappedlines=\count368
\WF@box=\box75
\WF@everypar=\toks57
Package: mywrapfig 2003/01/31  v 3.6
) (/usr/local/texlive/2019/texmf-dist/tex/latex/import/import.sty
Package: import 2020/01/22  v 6.0
)
(/usr/local/texlive/2019/texmf-dist/tex/latex/tasks/tasks.sty
(/usr/local/texlive/2019/texmf-dist/tex/latex/l3packages/xtemplate/xtemplate.st
y
Package: xtemplate 2020-02-25 L3 Experimental prototype document functions
\l__xtemplate_tmp_dim=\dimen315
\l__xtemplate_tmp_int=\count369
\l__xtemplate_tmp_muskip=\muskip18
\l__xtemplate_tmp_skip=\skip74
)
Package: tasks 2020/01/11 v1.1a horizontally columned lists
\g__tasks_total_items_int=\count370
\l__tasks_columns_int=\count371
\g__tasks_rows_int=\count372
\g__tasks_current_col_num_int=\count373
\g__tasks_current_row_num_int=\count374
\l__tasks_item_columns_int=\count375
\g__tasks_env_int=\count376
\l__tasks_start_int=\count377
\l__tasks_item_indent_dim=\dimen316
\l__tasks_item_default_indent_dim=\dimen317
\l__tasks_item_width_dim=\dimen318
\l__tasks_label_width_dim=\dimen319
\l__tasks_label_default_width_dim=\dimen320
\l__tasks_label_offset_dim=\dimen321
\l__tasks_label_default_offset_dim=\dimen322
\l__tasks_column_sep_dim=\dimen323
\l__tasks_correction_dim=\dimen324
\l__tasks_full_width_dim=\dimen325
\l__tasks_after_item_skip=\skip75
\l__tasks_custom_after_item_skip=\skip76
\l__tasks_before_list_skip=\skip77
\l__tasks_after_list_skip=\skip78
\l__tasks_item_coffin=\box76
\l__tasks_label_coffin=\box77
\c@task=\count378
\l__tasks_tmpa_int=\count379
\l__tasks_tmpb_int=\count380
\l__tasks_tmpa_coffin=\box78
\l__tasks_tmpa_box=\box79

Package xtemplate Info: Declaring object type 'tasks' taking 3 argument(s) on
(xtemplate)             line 426.

 (/usr/local/texlive/2019/texmf-dist/tex/latex/tasks/tasks.cfg))
(/usr/local/texlive/2019/texmf-dist/tex/latex/mdwtools/footnote.sty
Package: footnote 1997/01/28 1.13 Save footnotes around boxes
\fn@notes=\box80
\fn@width=\dimen326
))
(./MAP2302book-full.aux

LaTeX Warning: Label `example:simplesubspaces' multiply defined.


LaTeX Warning: Label `def:basis-dim' multiply defined.


LaTeX Warning: Label `exercise:rankmatrix' multiply defined.


LaTeX Warning: Label `exercise:rankmatrixans' multiply defined.


LaTeX Warning: Label `ex:MatReductions' multiply defined.

)
\openout1 = `MAP2302book-full.aux'.

LaTeX Font Info:    Checking defaults for OML/cmm/m/it on input line 9.
LaTeX Font Info:    ... okay on input line 9.
LaTeX Font Info:    Checking defaults for OMS/cmsy/m/n on input line 9.
LaTeX Font Info:    ... okay on input line 9.
LaTeX Font Info:    Checking defaults for OT1/cmr/m/n on input line 9.
LaTeX Font Info:    ... okay on input line 9.
LaTeX Font Info:    Checking defaults for T1/cmr/m/n on input line 9.
LaTeX Font Info:    ... okay on input line 9.
LaTeX Font Info:    Checking defaults for TS1/cmr/m/n on input line 9.
LaTeX Font Info:    ... okay on input line 9.
LaTeX Font Info:    Checking defaults for OMX/cmex/m/n on input line 9.
LaTeX Font Info:    ... okay on input line 9.
LaTeX Font Info:    Checking defaults for U/cmr/m/n on input line 9.
LaTeX Font Info:    ... okay on input line 9.
LaTeX Font Info:    Checking defaults for PD1/pdf/m/n on input line 9.
LaTeX Font Info:    ... okay on input line 9.
 (/usr/local/texlive/2019/texmf-dist/tex/context/base/mkii/supp-pdf.mkii
[Loading MPS to PDF converter (version 2006.09.02).]
\scratchcounter=\count381
\scratchdimen=\dimen327
\scratchbox=\box81
\nofMPsegments=\count382
\nofMParguments=\count383
\everyMPshowfont=\toks58
\MPscratchCnt=\count384
\MPscratchDim=\dimen328
\MPnumerator=\count385
\makeMPintoPDFobject=\count386
\everyMPtoPDFconversion=\toks59
) ABD: EveryShipout initializing macros

Package pgfplots Warning: running in backwards compatibility mode (unsuitable t
ick labels; missing features). Consider writing \pgfplotsset{compat=1.16} into 
your preamble.
 on input line 9.

\c@lstlisting=\count387
\AtBeginShipoutBox=\box82
Package hyperref Info: Link coloring ON on input line 9.
LaTeX Info: Redefining \ref on input line 9.
LaTeX Info: Redefining \pageref on input line 9.
LaTeX Info: Redefining \nameref on input line 9.
(./MAP2302book-full.out) (./MAP2302book-full.out)
\@outlinefile=\write11
\openout11 = `MAP2302book-full.out'.

\ST@sf=\write12
\openout12 = `MAP2302book-full.sagetex.sage'.


*geometry* driver: auto-detecting
*geometry* detected driver: pdftex
*geometry* verbose mode - [ preamble ] result:
* driver: pdftex
* paper: <default>
* layout: <same size as paper>
* layoutoffset:(h,v)=(0.0pt,0.0pt)
* modes: 
* h-part:(L,W,R)=(42.67912pt, 528.93675pt, 42.67912pt)
* v-part:(T,H,B)=(42.67912pt, 709.61174pt, 42.67912pt)
* \paperwidth=614.295pt
* \paperheight=794.96999pt
* \textwidth=528.93675pt
* \textheight=709.61174pt
* \oddsidemargin=-29.59087pt
* \evensidemargin=-29.59087pt
* \topmargin=-68.59087pt
* \headheight=14.0pt
* \headsep=25.0pt
* \topskip=10.0pt
* \footskip=30.0pt
* \marginparwidth=65.0pt
* \marginparsep=11.0pt
* \columnsep=10.0pt
* \skip\footins=9.0pt plus 4.0pt minus 2.0pt
* \hoffset=0.0pt
* \voffset=0.0pt
* \mag=1000
* \@twocolumnfalse
* \@twosidefalse
* \@mparswitchfalse
* \@reversemarginfalse
* (1in=72.27pt=25.4mm, 1cm=28.453pt)

Package caption Info: Begin \AtBeginDocument code.
Package caption Info: End \AtBeginDocument code.
[1

{/usr/local/texlive/2019/texmf-var/fonts/map/pdftex/updmap/pdftex.map}]
(./MAP2302book-full.toc
LaTeX Font Info:    Trying to load font information for U+msa on input line 1.

(/usr/local/texlive/2019/texmf-dist/tex/latex/amsfonts/umsa.fd
File: umsa.fd 2013/01/14 v3.01 AMS symbols A
)
LaTeX Font Info:    Trying to load font information for U+msb on input line 1.

(/usr/local/texlive/2019/texmf-dist/tex/latex/amsfonts/umsb.fd
File: umsb.fd 2013/01/14 v3.01 AMS symbols B
)
LaTeX Font Info:    Trying to load font information for U+rsfs on input line 1.


(/usr/local/texlive/2019/texmf-dist/tex/latex/jknapltx/ursfs.fd
File: ursfs.fd 1998/03/24 rsfs font definition file (jk)
) [2

] [3]
[4])
\tf@toc=\write13
\openout13 = `MAP2302book-full.toc'.

 [5] (./intro/preface.tex
<./figures/license.pdf, id=685, 121.45375pt x 43.16125pt>
File: ./figures/license.pdf Graphic file (type pdf)
<use ./figures/license.pdf>
Package pdftex.def Info: ./figures/license.pdf  used on input line 36.
(pdftex.def)             Requested size: 99.73294pt x 35.44183pt.
<./figures/license2.pdf, id=686, 121.45375pt x 43.16125pt>
File: ./figures/license2.pdf Graphic file (type pdf)
<use ./figures/license2.pdf>
Package pdftex.def Info: ./figures/license2.pdf  used on input line 38.
(pdftex.def)             Requested size: 99.73294pt x 35.44183pt.


LaTeX Warning: Hyper reference `FT:chapter' on page 6 undefined on input line 8
5.


LaTeX Warning: Reference `FT:chapter' on page 6 undefined on input line 85.

[6


 <./figures/license.pdf> <./figures/license2.pdf>]

LaTeX Warning: Hyper reference `furtherreading:chapter' on page 7 undefined on 
input line 98.

) [7] (./intro/intro-ode.tex [8

]
<./figures/intro-plots-alt.pdf, id=747, 366.36874pt x 276.03125pt>
File: ./figures/intro-plots-alt.pdf Graphic file (type pdf)
<use ./figures/intro-plots-alt.pdf>
Package pdftex.def Info: ./figures/intro-plots-alt.pdf  used on input line 106.

(pdftex.def)             Requested size: 180.67499pt x 136.12413pt.
 [9] (./figures/1-1-fig.pdf_t
<./figures/1-1-fig.pdf, id=758, 214.8025pt x 87.32625pt>
File: ./figures/1-1-fig.pdf Graphic file (type pdf)
<use ./figures/1-1-fig.pdf>
Package pdftex.def Info: ./figures/1-1-fig.pdf  used on input line 2.
(pdftex.def)             Requested size: 214.80197pt x 87.32603pt.
) [10 <./figures/intro-plots-alt.pdf> <./figures/1-1-fig.pdf>]
Underfull \hbox (badness 10000) in paragraph at lines 162--163

 []

<./figures/intro-plotbact.pdf, id=773, 388.45125pt x 276.03125pt>
File: ./figures/intro-plotbact.pdf Graphic file (type pdf)
<use ./figures/intro-plotbact.pdf>
Package pdftex.def Info: ./figures/intro-plotbact.pdf  used on input line 177.
(pdftex.def)             Requested size: 162.6075pt x 115.54904pt.

LaTeX Warning: Hyper reference `fo:chapter' on page 11 undefined on input line 
211.


LaTeX Warning: Reference `fo:chapter' on page 11 undefined on input line 211.


LaTeX Warning: Hyper reference `ho:chapter' on page 11 undefined on input line 
211.


LaTeX Warning: Reference `ho:chapter' on page 11 undefined on input line 211.

[11 <./figures/intro-plotbact.pdf>]
\c@depthICount=\count388
) [12] (./intro/practice/intro-practice1.tex [13

]
Overfull \hbox (1.58768pt too wide) in paragraph at lines 181--181
|\OT1/cmr/m/sl/10 Approximately how many years will it take for the salary
 []


Overfull \hbox (1.58768pt too wide) in paragraph at lines 181--181
|\OT1/cmr/m/sl/10 Approximately how many years will it take for the salary
 []


Overfull \hbox (1.58768pt too wide) in paragraph at lines 181--181
|\OT1/cmr/m/sl/10 Approximately how many years will it take for the salary
 []

) [14] (./intro/classification.tex [15

]) [16]
(./intro/practice/classification-practice1.tex [17

]) [18]
(./firstOrder/integral-sols.tex [19

] [20]) [21]
(./firstOrder/practice/directIntegration-practice1.tex [22

]) [23]
(./firstOrder/slope-fields.tex
<figures/1-3-xysl-one.pdf, id=902, 345.29pt x 260.975pt>
File: figures/1-3-xysl-one.pdf Graphic file (type pdf)
<use figures/1-3-xysl-one.pdf>
Package pdftex.def Info: figures/1-3-xysl-one.pdf  used on input line 41.
(pdftex.def)             Requested size: 180.67499pt x 136.55597pt.
<figures/1-3-xysl.pdf, id=903, 368.37625pt x 275.0275pt>
File: figures/1-3-xysl.pdf Graphic file (type pdf)
<use figures/1-3-xysl.pdf>
Package pdftex.def Info: figures/1-3-xysl.pdf  used on input line 58.
(pdftex.def)             Requested size: 180.67499pt x 134.89055pt.
<figures/1-3-xysl-sol.pdf, id=904, 368.37625pt x 275.0275pt>
File: figures/1-3-xysl-sol.pdf Graphic file (type pdf)
<use figures/1-3-xysl-sol.pdf>
Package pdftex.def Info: figures/1-3-xysl-sol.pdf  used on input line 64.
(pdftex.def)             Requested size: 180.67499pt x 134.89055pt.
<figures/1-3-mysl-sol.pdf, id=905, 368.37625pt x 275.0275pt>
File: figures/1-3-mysl-sol.pdf Graphic file (type pdf)
<use figures/1-3-mysl-sol.pdf>
Package pdftex.def Info: figures/1-3-mysl-sol.pdf  used on input line 73.
(pdftex.def)             Requested size: 180.67499pt x 134.89055pt.
) [24

 <./figures/1-3-xysl-one.pdf>] [25 <./figures/1-3-xysl.pdf> <./figures/1-3-xysl
-sol.pdf> <./figures/1-3-mysl-sol.pdf>]
(./firstOrder/practice/slope-fields-practice1.tex
<./figures/yprimetyp1slope.png, id=945, 421.575pt x 316.0608pt>
File: ./figures/yprimetyp1slope.png Graphic file (type png)
<use ./figures/yprimetyp1slope.png>
Package pdftex.def Info: ./figures/yprimetyp1slope.png  used on input line 79.
(pdftex.def)             Requested size: 126.47249pt x 94.81897pt.
<./figures/yprimetsqym1slope.png, id=946, 421.575pt x 316.0608pt>
File: ./figures/yprimetsqym1slope.png Graphic file (type png)
<use ./figures/yprimetsqym1slope.png>
Package pdftex.def Info: ./figures/yprimetsqym1slope.png  used on input line 79
.
(pdftex.def)             Requested size: 126.47249pt x 94.81897pt.
<./figures/yprimetym1slope.png, id=947, 421.575pt x 316.0608pt>
File: ./figures/yprimetym1slope.png Graphic file (type png)
<use ./figures/yprimetym1slope.png>
Package pdftex.def Info: ./figures/yprimetym1slope.png  used on input line 79.
(pdftex.def)             Requested size: 126.47249pt x 94.81897pt.
<./figures/yprimetm2ysqm9slope.png, id=948, 421.575pt x 316.0608pt>
File: ./figures/yprimetm2ysqm9slope.png Graphic file (type png)
<use ./figures/yprimetm2ysqm9slope.png>
Package pdftex.def Info: ./figures/yprimetm2ysqm9slope.png  used on input line 
93.
(pdftex.def)             Requested size: 126.47249pt x 94.81897pt.
<./figures/yprimeyp1tsqm9slope.png, id=949, 421.575pt x 316.0608pt>
File: ./figures/yprimeyp1tsqm9slope.png Graphic file (type png)
<use ./figures/yprimeyp1tsqm9slope.png>
Package pdftex.def Info: ./figures/yprimeyp1tsqm9slope.png  used on input line 
93.
(pdftex.def)             Requested size: 126.47249pt x 94.81897pt.
<./figures/yprime2mtysqm9slope.png, id=950, 421.575pt x 316.0608pt>
File: ./figures/yprime2mtysqm9slope.png Graphic file (type png)
<use ./figures/yprime2mtysqm9slope.png>
Package pdftex.def Info: ./figures/yprime2mtysqm9slope.png  used on input line 
93.
(pdftex.def)             Requested size: 126.47249pt x 94.81897pt.
<./figures/yprimex1minusyslope.pdf, id=951, 343.2825pt x 258.9675pt>
File: ./figures/yprimex1minusyslope.pdf Graphic file (type pdf)
<use ./figures/yprimex1minusyslope.pdf>
Package pdftex.def Info: ./figures/yprimex1minusyslope.pdf  used on input line 
108.
(pdftex.def)             Requested size: 126.47249pt x 95.4055pt.
<./figures/yprime1minusxslope.pdf, id=952, 343.2825pt x 258.9675pt>
File: ./figures/yprime1minusxslope.pdf Graphic file (type pdf)
<use ./figures/yprime1minusxslope.pdf>
Package pdftex.def Info: ./figures/yprime1minusxslope.pdf  used on input line 1
08.
(pdftex.def)             Requested size: 126.47249pt x 95.4055pt.
<./figures/yprimexminus2yslope.pdf, id=953, 343.2825pt x 258.9675pt>
File: ./figures/yprimexminus2yslope.pdf Graphic file (type pdf)
<use ./figures/yprimexminus2yslope.pdf>
Package pdftex.def Info: ./figures/yprimexminus2yslope.pdf  used on input line 
108.
(pdftex.def)             Requested size: 126.47249pt x 95.4055pt.
 [26

 <./figures/yprimetyp1slope.png (PNG copy)> <./figures/yprimetsqym1slope.png (P
NG copy)> <./figures/yprimetym1slope.png (PNG copy)> <./figures/yprimetm2ysqm9s
lope.png (PNG copy)> <./figures/yprimeyp1tsqm9slope.png (PNG copy)> <./figures/
yprime2mtysqm9slope.png (PNG copy)>]
<./figures/yprimecosyslope.pdf, id=969, 343.2825pt x 258.9675pt>
File: ./figures/yprimecosyslope.pdf Graphic file (type pdf)
<use ./figures/yprimecosyslope.pdf>
Package pdftex.def Info: ./figures/yprimecosyslope.pdf  used on input line 123.

(pdftex.def)             Requested size: 126.47249pt x 95.4055pt.
<./figures/yprimecosxyslope.pdf, id=970, 343.2825pt x 258.9675pt>
File: ./figures/yprimecosxyslope.pdf Graphic file (type pdf)
<use ./figures/yprimecosxyslope.pdf>
Package pdftex.def Info: ./figures/yprimecosxyslope.pdf  used on input line 123
.
(pdftex.def)             Requested size: 126.47249pt x 95.4055pt.
<./figures/yprimesinxslope.pdf, id=971, 343.2825pt x 258.9675pt>
File: ./figures/yprimesinxslope.pdf Graphic file (type pdf)
<use ./figures/yprimesinxslope.pdf>
Package pdftex.def Info: ./figures/yprimesinxslope.pdf  used on input line 123.

(pdftex.def)             Requested size: 126.47249pt x 95.4055pt.
<./figures/quivym1.png, id=972, 421.575pt x 316.18124pt>
File: ./figures/quivym1.png Graphic file (type png)
<use ./figures/quivym1.png>
Package pdftex.def Info: ./figures/quivym1.png  used on input line 138.
(pdftex.def)             Requested size: 144.54pt x 108.40721pt.

Overfull \hbox (18.0675pt too wide) in paragraph at lines 138--138
[][] 
 []

<./figures/quivy2my.png, id=973, 421.575pt x 316.18124pt>
File: ./figures/quivy2my.png Graphic file (type png)
<use ./figures/quivy2my.png>
Package pdftex.def Info: ./figures/quivy2my.png  used on input line 138.
(pdftex.def)             Requested size: 144.54pt x 108.40721pt.

Overfull \hbox (18.0675pt too wide) in paragraph at lines 138--138
[][] 
 []

<./figures/quivyym2.png, id=974, 421.575pt x 316.18124pt>
File: ./figures/quivyym2.png Graphic file (type png)
<use ./figures/quivyym2.png>
Package pdftex.def Info: ./figures/quivyym2.png  used on input line 138.
(pdftex.def)             Requested size: 144.54pt x 108.40721pt.

Overfull \hbox (18.0675pt too wide) in paragraph at lines 138--138
[][] 
 []

<./figures/yprimetysqm1slope.png, id=975, 421.575pt x 316.0608pt>
File: ./figures/yprimetysqm1slope.png Graphic file (type png)
<use ./figures/yprimetysqm1slope.png>
Package pdftex.def Info: ./figures/yprimetysqm1slope.png  used on input line 15
2.
(pdftex.def)             Requested size: 144.54pt x 108.3659pt.

Overfull \hbox (18.0675pt too wide) in paragraph at lines 152--152
[][] 
 []

<./figures/yprimetsqysqm1slope.png, id=976, 421.575pt x 316.0608pt>
File: ./figures/yprimetsqysqm1slope.png Graphic file (type png)
<use ./figures/yprimetsqysqm1slope.png>
Package pdftex.def Info: ./figures/yprimetsqysqm1slope.png  used on input line 
152.
(pdftex.def)             Requested size: 144.54pt x 108.3659pt.

Overfull \hbox (18.0675pt too wide) in paragraph at lines 152--152
[][] 
 []

<./figures/yprimetysqp1slope.png, id=977, 421.575pt x 316.0608pt>
File: ./figures/yprimetysqp1slope.png Graphic file (type png)
<use ./figures/yprimetysqp1slope.png>
Package pdftex.def Info: ./figures/yprimetysqp1slope.png  used on input line 15
2.
(pdftex.def)             Requested size: 144.54pt x 108.3659pt.

Overfull \hbox (18.0675pt too wide) in paragraph at lines 152--152
[][] 
 []

[27 <./figures/yprimex1minusyslope.pdf> <./figures/yprime1minusxslope.pdf> <./f
igures/yprimexminus2yslope.pdf> <./figures/yprimecosyslope.pdf> <./figures/ypri
mecosxyslope.pdf> <./figures/yprimesinxslope.pdf> <./figures/quivym1.png (PNG c
opy)> <./figures/quivy2my.png (PNG copy)> <./figures/quivyym2.png (PNG copy)> <
./figures/yprimetysqm1slope.png (PNG copy)> <./figures/yprimetsqysqm1slope.png 
(PNG copy)> <./figures/yprimetysqp1slope.png (PNG copy)>]
<./figures/yprime3myyp2slope.png, id=1018, 421.575pt x 316.0608pt>
File: ./figures/yprime3myyp2slope.png Graphic file (type png)
<use ./figures/yprime3myyp2slope.png>
Package pdftex.def Info: ./figures/yprime3myyp2slope.png  used on input line 18
8.
(pdftex.def)             Requested size: 169.26363pt x 126.89952pt.
<./figures/yprimetm2yp4ym3slope.png, id=1021, 421.575pt x 316.0608pt>
File: ./figures/yprimetm2yp4ym3slope.png Graphic file (type png)
<use ./figures/yprimetm2yp4ym3slope.png>
Package pdftex.def Info: ./figures/yprimetm2yp4ym3slope.png  used on input line
 192.
(pdftex.def)             Requested size: 169.26363pt x 126.89952pt.
<./figures/yprimeyp1yp4slope.png, id=1024, 421.575pt x 316.0608pt>
File: ./figures/yprimeyp1yp4slope.png Graphic file (type png)
<use ./figures/yprimeyp1yp4slope.png>
Package pdftex.def Info: ./figures/yprimeyp1yp4slope.png  used on input line 19
6.
(pdftex.def)             Requested size: 169.26363pt x 126.89952pt.
) [28 <./figures/yprime3myyp2slope.png (PNG copy)> <./figures/yprimetm2yp4ym3sl
ope.png (PNG copy)> <./figures/yprimeyp1yp4slope.png (PNG copy)>] (./firstOrder
/separable.tex
[29

] [30]
<./figures/implicitsols.pdf, id=1057, 357.335pt x 260.975pt>
File: ./figures/implicitsols.pdf Graphic file (type pdf)
<use ./figures/implicitsols.pdf>
Package pdftex.def Info: ./figures/implicitsols.pdf  used on input line 171.
(pdftex.def)             Requested size: 216.81pt x 158.34631pt.
 [31] [32 <./figures/implicitsols.pdf>]
<./figures/coffeefig-1-2.pdf, id=1078, 719.61247pt x 261.97774pt>
File: ./figures/coffeefig-1-2.pdf Graphic file (type pdf)
<use ./figures/coffeefig-1-2.pdf>
Package pdftex.def Info: ./figures/coffeefig-1-2.pdf  used on input line 233.
(pdftex.def)             Requested size: 450.9652pt x 164.17938pt.
 [33 <./figures/coffeefig-1-2.pdf>]

LaTeX Warning: Hyper reference `sec:derivInt' on page 34 undefined on input lin
e 276.


LaTeX Warning: Reference `sec:derivInt' on page 34 undefined on input line 276.


) [34] (./firstOrder/practice/separable-practice1.tex [35

] [36]) [37]
(./firstOrder/first-order-lin.tex [38

] [39] [40]) [41]
(./firstOrder/practice/firstOrderLinear-practice1.tex [42

]) [43]
(./firstOrder/first-existence.tex
<./figures/1-3-xinv-sol.pdf, id=1174, 368.37625pt x 275.0275pt>
File: ./figures/1-3-xinv-sol.pdf Graphic file (type pdf)
<use ./figures/1-3-xinv-sol.pdf>
Package pdftex.def Info: ./figures/1-3-xinv-sol.pdf  used on input line 46.
(pdftex.def)             Requested size: 216.81pt x 161.86613pt.
<./figures/1-3-sqrt-sol.pdf, id=1175, 368.37625pt x 275.0275pt>
File: ./figures/1-3-sqrt-sol.pdf Graphic file (type pdf)
<use ./figures/1-3-sqrt-sol.pdf>
Package pdftex.def Info: ./figures/1-3-sqrt-sol.pdf  used on input line 52.
(pdftex.def)             Requested size: 216.81pt x 161.86613pt.
 [44

 <./figures/1-3-xinv-sol.pdf> <./figures/1-3-sqrt-sol.pdf>]
<./figures/EUNumberLine.png, id=1199, 652.839pt x 139.722pt>
File: ./figures/EUNumberLine.png Graphic file (type png)
<use ./figures/EUNumberLine.png>
Package pdftex.def Info: ./figures/EUNumberLine.png  used on input line 110.
(pdftex.def)             Requested size: 361.34999pt x 77.33981pt.
 [45 <./figures/EUNumberLine.png>] [46]

LaTeX Warning: Reference `sys:chapter' on page 47 undefined on input line 167.


LaTeX Warning: Reference `nlin:chapter' on page 47 undefined on input line 167.


) [47] (./firstOrder/practice/EUThm-practice1.tex [48

] [49]) [50]
(./firstOrder/numerical-euler.tex
<./figures/euler-steps-1-2.pdf, id=1284, 771.80644pt x 277.034pt>
File: ./figures/euler-steps-1-2.pdf Graphic file (type pdf)
<use ./figures/euler-steps-1-2.pdf>
Package pdftex.def Info: ./figures/euler-steps-1-2.pdf  used on input line 55.
(pdftex.def)             Requested size: 450.9652pt x 161.87189pt.
<./figures/euler-step12-sol.pdf, id=1285, 375.4025pt x 276.03125pt>
File: ./figures/euler-step12-sol.pdf Graphic file (type pdf)
<use ./figures/euler-step12-sol.pdf>
Package pdftex.def Info: ./figures/euler-step12-sol.pdf  used on input line 68.

(pdftex.def)             Requested size: 216.81pt x 159.4201pt.
 [51

 <./figures/euler-steps-1-2.pdf>] [52 <./figures/euler-step12-sol.pdf>] [53]
<./figures/EulerODE45Comp.png, id=1329, 421.575pt x 316.18124pt>
File: ./figures/EulerODE45Comp.png Graphic file (type png)
<use ./figures/EulerODE45Comp.png>
Package pdftex.def Info: ./figures/EulerODE45Comp.png  used on input line 179.
(pdftex.def)             Requested size: 289.07999pt x 216.81442pt.
) [54 <./figures/EulerODE45Comp.png (PNG copy)>] (./firstOrder/practice/numeric
al-Euler-practice1.tex [55

]) [56]
(./firstOrder/autonomous-eqn.tex

LaTeX Warning: Hyper reference `sec:twodimaut' on page 57 undefined on input li
ne 40.


LaTeX Warning: Reference `sec:twodimaut' on page 57 undefined on input line 40.



LaTeX Warning: Hyper reference `linearization:section' on page 57 undefined on 
input line 40.


LaTeX Warning: Reference `linearization:section' on page 57 undefined on input 
line 40.

<./figures/2-2-coffee.pdf, id=1365, 376.40625pt x 275.0275pt>
File: ./figures/2-2-coffee.pdf Graphic file (type pdf)
<use ./figures/2-2-coffee.pdf>
Package pdftex.def Info: ./figures/2-2-coffee.pdf  used on input line 54.
(pdftex.def)             Requested size: 211.75056pt x 154.72357pt.
<./figures/2-2-logistic.pdf, id=1366, 383.4325pt x 275.0275pt>
File: ./figures/2-2-logistic.pdf Graphic file (type pdf)
<use ./figures/2-2-logistic.pdf>
Package pdftex.def Info: ./figures/2-2-logistic.pdf  used on input line 61.
(pdftex.def)             Requested size: 216.81pt x 155.51672pt.
[57

] (./figures/2-2-l-phasedia.pdf_t
<./figures/2-2-l-phasedia.pdf, id=1375, 46.1725pt x 101.37875pt>
File: ./figures/2-2-l-phasedia.pdf Graphic file (type pdf)
<use ./figures/2-2-l-phasedia.pdf>
Package pdftex.def Info: ./figures/2-2-l-phasedia.pdf  used on input line 2.
(pdftex.def)             Requested size: 46.17236pt x 101.3785pt.
) [58 <./figures/2-2-coffee.pdf> <./figures/2-2-logistic.pdf> <./figures/2-2-l-
phasedia.pdf>]
<./figures/Auto_PL_SS.png, id=1396, 573.342pt x 423.5022pt>
File: ./figures/Auto_PL_SS.png Graphic file (type png)
<use ./figures/Auto_PL_SS.png>
Package pdftex.def Info: ./figures/Auto_PL_SS.png  used on input line 140.
(pdftex.def)             Requested size: 325.215pt x 240.22911pt.
 [59 <./figures/Auto_PL_SS.png>]
<./figures/Auto_fGraph1.png, id=1408, 421.575pt x 316.18124pt>
File: ./figures/Auto_fGraph1.png Graphic file (type png)
<use ./figures/Auto_fGraph1.png>
Package pdftex.def Info: ./figures/Auto_fGraph1.png  used on input line 172.
(pdftex.def)             Requested size: 211.75056pt x 158.8139pt.
<./figures/Auto_fGraph2.png, id=1409, 421.575pt x 316.18124pt>
File: ./figures/Auto_fGraph2.png Graphic file (type png)
<use ./figures/Auto_fGraph2.png>
Package pdftex.def Info: ./figures/Auto_fGraph2.png  used on input line 178.
(pdftex.def)             Requested size: 216.81pt x 162.61081pt.
) [60 <./figures/Auto_fGraph1.png (PNG copy)> <./figures/Auto_fGraph2.png (PNG 
copy)>] (./firstOrder/practice/autonomous-eqn-practice1.tex [61

]) [62]
(./firstOrder/bifurcation-diag.tex
<./figures/Auto_bif_PL.png, id=1453, 347.8596pt x 499.6266pt>
File: ./figures/Auto_bif_PL.png Graphic file (type png)
<use ./figures/Auto_bif_PL.png>
Package pdftex.def Info: ./figures/Auto_bif_PL.png  used on input line 43.
(pdftex.def)             Requested size: 144.54pt x 207.608pt.
<./figures/BifDiag_ex1.png, id=1454, 421.575pt x 316.18124pt>
File: ./figures/BifDiag_ex1.png Graphic file (type png)
<use ./figures/BifDiag_ex1.png>
Package pdftex.def Info: ./figures/BifDiag_ex1.png  used on input line 52.
(pdftex.def)             Requested size: 216.81pt x 162.61081pt.
 [63

] [64 <./figures/Auto_bif_PL.png> <./figures/BifDiag_ex1.png (PNG copy)>]
<./figures/2-2-logistic-h1.pdf, id=1470, 383.4325pt x 275.0275pt>
File: ./figures/2-2-logistic-h1.pdf Graphic file (type pdf)
<use ./figures/2-2-logistic-h1.pdf>
Package pdftex.def Info: ./figures/2-2-logistic-h1.pdf  used on input line 91.
(pdftex.def)             Requested size: 216.81pt x 155.51672pt.
<./figures/2-2-logistic-hc.pdf, id=1471, 383.4325pt x 275.0275pt>
File: ./figures/2-2-logistic-hc.pdf Graphic file (type pdf)
<use ./figures/2-2-logistic-hc.pdf>
Package pdftex.def Info: ./figures/2-2-logistic-hc.pdf  used on input line 98.
(pdftex.def)             Requested size: 216.81pt x 155.51672pt.
<./figures/2-2-logistic-h2.pdf, id=1472, 383.4325pt x 275.0275pt>
File: ./figures/2-2-logistic-h2.pdf Graphic file (type pdf)
<use ./figures/2-2-logistic-h2.pdf>
Package pdftex.def Info: ./figures/2-2-logistic-h2.pdf  used on input line 107.

(pdftex.def)             Requested size: 195.12877pt x 139.9642pt.
<./figures/BifDiag_ex2.png, id=1473, 421.575pt x 316.18124pt>
File: ./figures/BifDiag_ex2.png Graphic file (type png)
<use ./figures/BifDiag_ex2.png>
Package pdftex.def Info: ./figures/BifDiag_ex2.png  used on input line 116.
(pdftex.def)             Requested size: 216.81pt x 162.61081pt.
 [65 <./figures/2-2-logistic-h1.pdf> <./figures/2-2-logistic-hc.pdf> <./figures
/2-2-logistic-h2.pdf>]
<./figures/BifDiag_ex2F.png, id=1497, 421.575pt x 316.18124pt>
File: ./figures/BifDiag_ex2F.png Graphic file (type png)
<use ./figures/BifDiag_ex2F.png>
Package pdftex.def Info: ./figures/BifDiag_ex2F.png  used on input line 125.
(pdftex.def)             Requested size: 216.81pt x 162.61081pt.
) [66 <./figures/BifDiag_ex2.png (PNG copy)> <./figures/BifDiag_ex2F.png (PNG c
opy)>]
(./firstOrder/practice/bifurcation-diag-practice1.tex) [67

]
(./firstOrder/exact.tex
<./figures/circlesfig.pdf, id=1527, 353.32pt x 260.975pt>
File: ./figures/circlesfig.pdf Graphic file (type pdf)
<use ./figures/circlesfig.pdf>
Package pdftex.def Info: ./figures/circlesfig.pdf  used on input line 34.
(pdftex.def)             Requested size: 216.81pt x 160.14626pt.
 [68

 <./figures/circlesfig.pdf>] [69] [70]
<./figures/exact-y2x.pdf, id=1567, 353.32pt x 260.975pt>
File: ./figures/exact-y2x.pdf Graphic file (type pdf)
<use ./figures/exact-y2x.pdf>
Package pdftex.def Info: ./figures/exact-y2x.pdf  used on input line 210.
(pdftex.def)             Requested size: 216.81pt x 160.14626pt.
 [71 <./figures/exact-y2x.pdf>] [72]) [73] (./firstOrder/practice/exactFunc-pra
ctice1.tex
[74

]) [75] (./firstOrder/modeling-first.tex [76

] (./figures/lin-tank.pdf_t
<./figures/lin-tank.pdf, id=1643, 94.3525pt x 133.49875pt>
File: ./figures/lin-tank.pdf Graphic file (type pdf)
<use ./figures/lin-tank.pdf>
Package pdftex.def Info: ./figures/lin-tank.pdf  used on input line 2.
(pdftex.def)             Requested size: 94.35225pt x 133.4984pt.
)

Package mywrapfig Warning: Stationary wrapfigure forced to float on input line 
112.

[77]
<./figures/linear-salt-graph.pdf, id=1650, 359.3425pt x 260.975pt>
File: ./figures/linear-salt-graph.pdf Graphic file (type pdf)
<use ./figures/linear-salt-graph.pdf>
Package pdftex.def Info: ./figures/linear-salt-graph.pdf  used on input line 15
6.
(pdftex.def)             Requested size: 180.67499pt x 131.2199pt.

Underfull \hbox (badness 1721) in paragraph at lines 181--188
[]\OT1/cmr/m/n/10 The con-cen-tra-tion when the tank is full is ap-prox-i-matel
y
 []

[78 <./figures/lin-tank.pdf> <./figures/linear-salt-graph.pdf>] [79]) [80]
(./firstOrder/practice/modeling-practice1.tex [81

] [82]) [83] [84]
(./firstOrder/sec-modeling-parameters.tex [85

] [86]) [87]
(./firstOrder/practice/modelingParameters-practice1.tex [88

]) [89]
(./firstOrder/substitution.tex

LaTeX Warning: Hyper reference `sec:derivInt' on page 90 undefined on input lin
e 52.


LaTeX Warning: Reference `sec:derivInt' on page 90 undefined on input line 52.

[90

] [91] [92]) [93] (./firstOrder/practice/substitution-practice1.tex [94

])
[95] (./firstOrder/sec-first-pde.tex

LaTeX Warning: Hyper reference `FS:chapter' on page 96 undefined on input line 
24.


LaTeX Warning: Reference `FS:chapter' on page 96 undefined on input line 24.


LaTeX Warning: Hyper reference `dalemb:section' on page 96 undefined on input l
ine 32.


LaTeX Warning: Reference `dalemb:section' on page 96 undefined on input line 32
.

(./figures/char-curves.pdf_t
<./figures/char-curves.pdf, id=1817, 182.6825pt x 110.4125pt>
File: ./figures/char-curves.pdf Graphic file (type pdf)
<use ./figures/char-curves.pdf>
Package pdftex.def Info: ./figures/char-curves.pdf  used on input line 2.
(pdftex.def)             Requested size: 182.68204pt x 110.41222pt.
) [96

]
<./figures/fopde-transport-1-2.pdf, id=1825, 739.68747pt x 261.97774pt>
File: ./figures/fopde-transport-1-2.pdf Graphic file (type pdf)
<use ./figures/fopde-transport-1-2.pdf>
Package pdftex.def Info: ./figures/fopde-transport-1-2.pdf  used on input line 
92.
(pdftex.def)             Requested size: 450.9652pt x 159.72623pt.
 (./figures/char-curve-curvy.pdf_t
<./figures/char-curve-curvy.pdf, id=1827, 182.6825pt x 111.41624pt>
File: ./figures/char-curve-curvy.pdf Graphic file (type pdf)
<use ./figures/char-curve-curvy.pdf>
Package pdftex.def Info: ./figures/char-curve-curvy.pdf  used on input line 2.
(pdftex.def)             Requested size: 182.68204pt x 111.41597pt.
) [97 <./figures/char-curves.pdf> <./figures/fopde-transport-1-2.pdf>]
<./figures/sol-to-fo-pde.pdf, id=1855, 401.5pt x 286.06876pt>
File: ./figures/sol-to-fo-pde.pdf Graphic file (type pdf)
<use ./figures/sol-to-fo-pde.pdf>
Package pdftex.def Info: ./figures/sol-to-fo-pde.pdf  used on input line 168.
(pdftex.def)             Requested size: 361.34999pt x 257.47696pt.
 [98 <./figures/char-curve-curvy.pdf>]

LaTeX Warning: Hyper reference `sys:chapter' on page 99 undefined on input line
 218.


LaTeX Warning: Reference `sys:chapter' on page 99 undefined on input line 218.


LaTeX Warning: Hyper reference `nlin:chapter' on page 99 undefined on input lin
e 218.


LaTeX Warning: Reference `nlin:chapter' on page 99 undefined on input line 218.


) [99 <./figures/sol-to-fo-pde.pdf>] [100]
(./firstOrder/practice/firstPDE-practice1.tex) [101

]
(./firstOrder/sec-chapFO-review.tex) [102

]
(./higherOrder/sec-second-order-lin-ode.tex [103

] [104]

LaTeX Warning: Reference `exist:lin1thm' on page 105 undefined on input line 17
3.

[105] [106]

Package hyperref Warning: Suppressing empty link on input line 259.


Package hyperref Warning: Suppressing empty link on input line 260.

[107]

LaTeX Warning: Hyper reference `linalg:appendix' on page 108 undefined on input
 line 343.


LaTeX Warning: Reference `linalg:appendix' on page 108 undefined on input line 
343.

[108] [109]) [110] (./higherOrder/practice/secondOrderLinearODE-practice1.tex
[111

]) [112] (./higherOrder/sec-second-order-complex.tex [113

] [114]
<./figures/envelopeCurves.png, id=2008, 421.575pt x 316.18124pt>
File: ./figures/envelopeCurves.png Graphic file (type png)
<use ./figures/envelopeCurves.png>
Package pdftex.def Info: ./figures/envelopeCurves.png  used on input line 240.
(pdftex.def)             Requested size: 216.81pt x 162.61081pt.
 [115]
[116 <./figures/envelopeCurves.png (PNG copy)>]
<./figures/envBounds.png, id=2024, 421.575pt x 316.18124pt>
File: ./figures/envBounds.png Graphic file (type png)
<use ./figures/envBounds.png>
Package pdftex.def Info: ./figures/envBounds.png  used on input line 327.
(pdftex.def)             Requested size: 216.81pt x 162.61081pt.
) [117] [118 <./figures/envBounds.png (PNG copy)>] (./higherOrder/practice/comp
lexRoots-practice1.tex [119

])
[120] (./higherOrder/sec-second-order-repeated.tex [121

]

Package hyperref Warning: Suppressing empty link on input line 115.

) [122] (./higherOrder/practice/repeatedRoots-practice1.tex [123

] [124])
[125] (./higherOrder/sec-mechanical-vibrations.tex
(./figures/massfigforce.pdf_t
<./figures/massfigforce.pdf, id=2099, 143.53625pt x 64.24pt>
File: ./figures/massfigforce.pdf Graphic file (type pdf)
<use ./figures/massfigforce.pdf>
Package pdftex.def Info: ./figures/massfigforce.pdf  used on input line 2.
(pdftex.def)             Requested size: 143.53589pt x 64.23984pt.
) (./figures/mv-rlc.pdf_t
<./figures/mv-rlc.pdf, id=2100, 94.3525pt x 55.20625pt>
File: ./figures/mv-rlc.pdf Graphic file (type pdf)
<use ./figures/mv-rlc.pdf>
Package pdftex.def Info: ./figures/mv-rlc.pdf  used on input line 2.
(pdftex.def)             Requested size: 94.35225pt x 55.2061pt.
)
(./figures/mv-pend-deriv.pdf_t
<./figures/mv-pend-deriv.pdf, id=2101, 123.46124pt x 126.4725pt>
File: ./figures/mv-pend-deriv.pdf Graphic file (type pdf)
<use ./figures/mv-pend-deriv.pdf>
Package pdftex.def Info: ./figures/mv-pend-deriv.pdf  used on input line 2.
(pdftex.def)             Requested size: 123.46092pt x 126.47218pt.
) [126

 <./figures/massfigforce.pdf> <./figures/mv-rlc.pdf>]
<./figures/mv-sintheta.pdf, id=2116, 380.42125pt x 276.03125pt>
File: ./figures/mv-sintheta.pdf Graphic file (type pdf)
<use ./figures/mv-sintheta.pdf>
Package pdftex.def Info: ./figures/mv-sintheta.pdf  used on input line 85.
(pdftex.def)             Requested size: 209.58255pt x 152.07457pt.

Overfull \hbox (4.08089pt too wide) in paragraph at lines 85--86
 [][] 
 []

[127 <./figures/mv-pend-deriv.pdf> <./figures/mv-sintheta.pdf>]
<./figures/mv-undamped.pdf, id=2133, 380.42125pt x 275.0275pt>
File: ./figures/mv-undamped.pdf Graphic file (type pdf)
<use ./figures/mv-undamped.pdf>
Package pdftex.def Info: ./figures/mv-undamped.pdf  used on input line 136.
(pdftex.def)             Requested size: 216.81pt x 156.7463pt.
 [128 <./figures/mv-undamped.pdf>]
<./figures/mv-overdamped.pdf, id=2145, 375.4025pt x 276.03125pt>
File: ./figures/mv-overdamped.pdf Graphic file (type pdf)
<use ./figures/mv-overdamped.pdf>
Package pdftex.def Info: ./figures/mv-overdamped.pdf  used on input line 210.
(pdftex.def)             Requested size: 216.81pt x 159.4201pt.
<./figures/critdampedfast.png, id=2146, 421.575pt x 316.18124pt>
File: ./figures/critdampedfast.png Graphic file (type png)
<use ./figures/critdampedfast.png>
Package pdftex.def Info: ./figures/critdampedfast.png  used on input line 246.
(pdftex.def)             Requested size: 216.81pt x 162.61081pt.
 [129 <./figures/mv-overdamped.pdf> <./figures/critdampedfast.png (PNG copy)>]
<./figures/mv-underdamped.pdf, id=2160, 380.42125pt x 276.03125pt>
File: ./figures/mv-underdamped.pdf Graphic file (type pdf)
<use ./figures/mv-underdamped.pdf>
Package pdftex.def Info: ./figures/mv-underdamped.pdf  used on input line 264.
(pdftex.def)             Requested size: 216.81pt x 157.31837pt.
) [130 <./figures/mv-underdamped.pdf>]
(./higherOrder/practice/mechanicalVibration-practice1.tex [131

]) [132]
(./higherOrder/sec-nonhomog-eqns.tex [133

] [134] [135] [136] [137] [138]
[139]) [140] (./higherOrder/practice/nonHomogenEqns-practice1.tex [141

]
[142]) [143] (./higherOrder/sec-forced-oscillations.tex
(./figures/massfigforce.pdf_t
File: ./figures/massfigforce.pdf Graphic file (type pdf)
<use ./figures/massfigforce.pdf>
Package pdftex.def Info: ./figures/massfigforce.pdf  used on input line 2.
(pdftex.def)             Requested size: 143.53589pt x 64.23984pt.
)
<./figures/3-6-beating.pdf, id=2302, 376.40625pt x 276.03125pt>
File: ./figures/3-6-beating.pdf Graphic file (type pdf)
<use ./figures/3-6-beating.pdf>
Package pdftex.def Info: ./figures/3-6-beating.pdf  used on input line 91.
(pdftex.def)             Requested size: 216.81pt x 158.99892pt.
 [144

]
<./figures/beatSolPlot.png, id=2310, 421.575pt x 316.18124pt>
File: ./figures/beatSolPlot.png Graphic file (type png)
<use ./figures/beatSolPlot.png>
Package pdftex.def Info: ./figures/beatSolPlot.png  used on input line 154.
(pdftex.def)             Requested size: 216.81pt x 162.61081pt.
 [145 <./figures/3-6-beating.pdf>]
<./figures/3-6-resonance.pdf, id=2323, 380.42125pt x 276.03125pt>
File: ./figures/3-6-resonance.pdf Graphic file (type pdf)
<use ./figures/3-6-resonance.pdf>
Package pdftex.def Info: ./figures/3-6-resonance.pdf  used on input line 177.
(pdftex.def)             Requested size: 216.81pt x 157.31837pt.
 [146 <./figures/beatSolPlot.png (PNG copy)> <./figures/3-6-resonance.pdf>] [14
7]
<./figures/3-6-transbeh.pdf, id=2346, 380.42125pt x 276.03125pt>
File: ./figures/3-6-transbeh.pdf Graphic file (type pdf)
<use ./figures/3-6-transbeh.pdf>
Package pdftex.def Info: ./figures/3-6-transbeh.pdf  used on input line 277.
(pdftex.def)             Requested size: 216.81pt x 157.31837pt.
<./figures/3-6-pracres.pdf, id=2347, 375.4025pt x 276.03125pt>
File: ./figures/3-6-pracres.pdf Graphic file (type pdf)
<use ./figures/3-6-pracres.pdf>
Package pdftex.def Info: ./figures/3-6-pracres.pdf  used on input line 289.
(pdftex.def)             Requested size: 216.81pt x 159.4201pt.

[148 <./figures/3-6-transbeh.pdf> <./figures/3-6-pracres.pdf>]) [149]
(./higherOrder/practice/forcedOscillations-practice1.tex [150

] [151]) [152]
(./higherOrder/sec-higher-order-ode.tex

LaTeX Warning: Hyper reference `sys:chapter' on page 153 undefined on input lin
e 33.


LaTeX Warning: Reference `sys:chapter' on page 153 undefined on input line 33.


LaTeX Warning: Hyper reference `linalg:appendix' on page 153 undefined on input
 line 74.


LaTeX Warning: Reference `linalg:appendix' on page 153 undefined on input line 
74.

[153

] [154]

LaTeX Warning: Hyper reference `sec:polys' on page 155 undefined on input line 
190.


LaTeX Warning: Reference `sec:polys' on page 155 undefined on input line 190.


LaTeX Warning: Hyper reference `sec:matrix' on page 155 undefined on input line
 227.


LaTeX Warning: Reference `sec:matrix' on page 155 undefined on input line 227.


LaTeX Warning: Hyper reference `linalg:appendix' on page 155 undefined on input
 line 227.


LaTeX Warning: Reference `linalg:appendix' on page 155 undefined on input line 
227.

[155] [156] [157] [158]

LaTeX Warning: Hyper reference `sec:introtosys' on page 159 undefined on input 
line 434.


LaTeX Warning: Reference `sec:introtosys' on page 159 undefined on input line 4
34.

) [159] (./higherOrder/practice/higherOrderODE-practice1.tex [160

] [161])
[162] (./higherOrder/sec-chapHO-review.tex) [163

]
(./linearAlgebra/sec-vectors-maps.tex (./figures/linalg-vecarrow.pdf_t
<./figures/linalg-vecarrow.pdf, id=2508, 141.52875pt x 95.35625pt>
File: ./figures/linalg-vecarrow.pdf Graphic file (type pdf)
<use ./figures/linalg-vecarrow.pdf>
Package pdftex.def Info: ./figures/linalg-vecarrow.pdf  used on input line 2.
(pdftex.def)             Requested size: 141.5284pt x 95.356pt.
)
[164

] (./figures/linalg-vecadd.pdf_t
<./figures/linalg-vecadd.pdf, id=2520, 141.52875pt x 123.46124pt>
File: ./figures/linalg-vecadd.pdf Graphic file (type pdf)
<use ./figures/linalg-vecadd.pdf>
Package pdftex.def Info: ./figures/linalg-vecadd.pdf  used on input line 2.
(pdftex.def)             Requested size: 141.5284pt x 123.46092pt.
) (./figures/linalg-vecsub.pdf_t
<./figures/linalg-vecsub.pdf, id=2521, 141.52875pt x 95.35625pt>
File: ./figures/linalg-vecsub.pdf Graphic file (type pdf)
<use ./figures/linalg-vecsub.pdf>
Package pdftex.def Info: ./figures/linalg-vecsub.pdf  used on input line 2.
(pdftex.def)             Requested size: 141.5284pt x 95.356pt.
) [165 <./figures/linalg-vecarrow.pdf> <./figures/linalg-vecadd.pdf>]
(./figures/linalg-vecscale.pdf_t
<./figures/linalg-vecscale.pdf, id=2532, 163.61125pt x 81.30376pt>
File: ./figures/linalg-vecscale.pdf Graphic file (type pdf)
<use ./figures/linalg-vecscale.pdf>
Package pdftex.def Info: ./figures/linalg-vecscale.pdf  used on input line 2.
(pdftex.def)             Requested size: 163.61084pt x 81.30354pt.
) [166 <./figures/linalg-vecsub.pdf> <./figures/linalg-vecscale.pdf>] [167] [16
8] [169]) [170]
(./linearAlgebra/practice/vectorMaps-practice1.tex [171

] [172]) [173]
(./linearAlgebra/sec-matrix-algebra.tex [174

] [175] [176] [177] [178] [179]
[180]) [181] (./linearAlgebra/practice/matrixAlgebra-practice1.tex [182

]
[183]) [184] (./linearAlgebra/sec-elimination.tex [185

] [186] [187] [188]
[189] [190]) [191] (./linearAlgebra/practice/elimination-practice1.tex [192

]
[193]) [194] (./linearAlgebra/sec-rank-independence.tex

LaTeX Warning: Hyper reference `ho:chapter' on page 195 undefined on input line
 24.


LaTeX Warning: Reference `ho:chapter' on page 195 undefined on input line 24.

[195

] [196] [197] [198] [199]) [200]
(./linearAlgebra/practice/rankIndependence-practice1.tex [201

] [202]) [203]
(./linearAlgebra/sec-determinant.tex (./figures/linalg-imagesquare.pdf_t
<./figures/linalg-imagesquare.pdf, id=2948, 240.9pt x 96.36pt>
File: ./figures/linalg-imagesquare.pdf Graphic file (type pdf)
<use ./figures/linalg-imagesquare.pdf>
Package pdftex.def Info: ./figures/linalg-imagesquare.pdf  used on input line 2
.
(pdftex.def)             Requested size: 240.8994pt x 96.35974pt.
)
[204

 <./figures/linalg-imagesquare.pdf>] [205] [206] [207] [208]) [209]
(./linearAlgebra/practice/determinant-practice1.tex [210

] [211] [212]) [213]
(./linearAlgebra/sec-eigenvalues.tex [214

] [215] [216] [217] [218] [219]
[220] [221] [222]

LaTeX Warning: Hyper reference `sys:chapter' on page 223 undefined on input lin
e 1004.


LaTeX Warning: Reference `sys:chapter' on page 223 undefined on input line 1004
.


LaTeX Warning: Hyper reference `eigenmethod-repeat:section' on page 223 undefin
ed on input line 1006.


LaTeX Warning: Reference `eigenmethod-repeat:section' on page 223 undefined on 
input line 1006.


LaTeX Warning: Hyper reference `eigenmethod-repeat:section' on page 223 undefin
ed on input line 1006.


LaTeX Warning: Reference `eigenmethod-repeat:section' on page 223 undefined on 
input line 1006.


LaTeX Warning: Hyper reference `eigenmethod-repeat:section' on page 223 undefin
ed on input line 1017.


LaTeX Warning: Reference `eigenmethod-repeat:section' on page 223 undefined on 
input line 1017.

[223] [224]) [225] (./linearAlgebra/practice/eigenvalues-practice1.tex [226

]
[227]

Package hyperref Warning: Suppressing empty link on input line 184.


Package hyperref Warning: Suppressing empty link on input line 194.

[228]

Package hyperref Warning: Suppressing empty link on input line 211.

) [229] (./linearAlgebra/sec-advanced-linalg.tex [230

] [231] [232] [233]
[234] [235] [236] [237]

LaTeX Warning: Hyper reference `sys:chapter' on page 238 undefined on input lin
e 988.


LaTeX Warning: Reference `sys:chapter' on page 238 undefined on input line 988.


[238]) [239] (./linearAlgebra/practice/advancedLA-practice1.tex [240

] [241]
[242] [243]) [244] (./linearSystems/sec-nonhomog-systems.tex [245

] [246]
[247] [248]

LaTeX Warning: Hyper reference `eigenmethod:section' on page 249 undefined on i
nput line 376.


LaTeX Warning: Reference `eigenmethod:section' on page 249 undefined on input l
ine 376.

[249] [250] [251] [252] [253]
Overfull \hbox (144.40541pt too wide) in paragraph at lines 1047--1068
\OT1/cmr/m/n/10 where $[]$ is de-fined by $[] = \OML/cmm/m/it/10 E[]$\OT1/cmr/m
/n/10 . We can solve for $\OML/cmm/m/it/10 y[]$ \OT1/cmr/m/n/10 and $\OML/cmm/m
/it/10 y[]$ \OT1/cmr/m/n/10 us-ing nor-mal first-order meth-ods: $[]$
 []

[254] [255]) [256] (./linearSystems/practice/nonHomogenSystems-practice1.tex
[257

] [258]) [259]
*********************************************************************
Package atveryend Info: Empty hook `BeforeClearDocument' on input line 463.
Package atveryend Info: Empty hook `AfterLastShipout' on input line 463.
(./MAP2302book-full.aux)
Package atveryend Info: Executing hook `AtVeryEndDocument' on input line 463.
Package atveryend Info: Executing hook `AtEndAfterFileList' on input line 463.
Package rerunfilecheck Info: File `MAP2302book-full.out' has not changed.
(rerunfilecheck)             Checksum: 61FB4D5B9BF7A3069AFF66297F8759FB;9418.


LaTeX Warning: There were undefined references.


LaTeX Warning: There were multiply-defined labels.

Package atveryend Info: Empty hook `AtVeryVeryEnd' on input line 463.
 ) 
Here is how much of TeX's memory you used:
 37884 strings out of 480994
 860084 string characters out of 5912128
 1305255 words of memory out of 5000000
 51012 multiletter control sequences out of 15000+600000
 551133 words of font info for 95 fonts, out of 8000000 for 9000
 1141 hyphenation exceptions out of 8191
 78i,28n,106p,1419b,810s stack positions out of 5000i,500n,10000p,200000b,80000s
{/usr/local/texlive/2019/texmf-dist/fonts/enc/dvips/cm-super/cm-super-ts1.enc
}</usr/local/texlive/2019/texmf-dist/fonts/type1/public/amsfonts/cm/cmbx10.pfb>
</usr/local/texlive/2019/texmf-dist/fonts/type1/public/amsfonts/cm/cmbx12.pfb><
/usr/local/texlive/2019/texmf-dist/fonts/type1/public/amsfonts/cm/cmbxsl10.pfb>
</usr/local/texlive/2019/texmf-dist/fonts/type1/public/amsfonts/cm/cmbxti10.pfb
></usr/local/texlive/2019/texmf-dist/fonts/type1/public/amsfonts/cm/cmex10.pfb>
</usr/local/texlive/2019/texmf-dist/fonts/type1/public/amsfonts/cmextra/cmex7.p
fb></usr/local/texlive/2019/texmf-dist/fonts/type1/public/amsfonts/cm/cmmi10.pf
b></usr/local/texlive/2019/texmf-dist/fonts/type1/public/amsfonts/cm/cmmi12.pfb
></usr/local/texlive/2019/texmf-dist/fonts/type1/public/amsfonts/cm/cmmi5.pfb><
/usr/local/texlive/2019/texmf-dist/fonts/type1/public/amsfonts/cm/cmmi6.pfb></u
sr/local/texlive/2019/texmf-dist/fonts/type1/public/amsfonts/cm/cmmi7.pfb></usr
/local/texlive/2019/texmf-dist/fonts/type1/public/amsfonts/cm/cmmi8.pfb></usr/l
ocal/texlive/2019/texmf-dist/fonts/type1/public/amsfonts/cm/cmr10.pfb></usr/loc
al/texlive/2019/texmf-dist/fonts/type1/public/amsfonts/cm/cmr12.pfb></usr/local
/texlive/2019/texmf-dist/fonts/type1/public/amsfonts/cm/cmr17.pfb></usr/local/t
exlive/2019/texmf-dist/fonts/type1/public/amsfonts/cm/cmr5.pfb></usr/local/texl
ive/2019/texmf-dist/fonts/type1/public/amsfonts/cm/cmr6.pfb></usr/local/texlive
/2019/texmf-dist/fonts/type1/public/amsfonts/cm/cmr7.pfb></usr/local/texlive/20
19/texmf-dist/fonts/type1/public/amsfonts/cm/cmr8.pfb></usr/local/texlive/2019/
texmf-dist/fonts/type1/public/amsfonts/cm/cmr9.pfb></usr/local/texlive/2019/tex
mf-dist/fonts/type1/public/amsfonts/cm/cmsl10.pfb></usr/local/texlive/2019/texm
f-dist/fonts/type1/public/amsfonts/cm/cmsl8.pfb></usr/local/texlive/2019/texmf-
dist/fonts/type1/public/amsfonts/cm/cmssbx10.pfb></usr/local/texlive/2019/texmf
-dist/fonts/type1/public/amsfonts/cm/cmsy10.pfb></usr/local/texlive/2019/texmf-
dist/fonts/type1/public/amsfonts/cm/cmsy5.pfb></usr/local/texlive/2019/texmf-di
st/fonts/type1/public/amsfonts/cm/cmsy6.pfb></usr/local/texlive/2019/texmf-dist
/fonts/type1/public/amsfonts/cm/cmsy7.pfb></usr/local/texlive/2019/texmf-dist/f
onts/type1/public/amsfonts/cm/cmsy8.pfb></usr/local/texlive/2019/texmf-dist/fon
ts/type1/public/amsfonts/cm/cmti10.pfb></usr/local/texlive/2019/texmf-dist/font
s/type1/public/amsfonts/cm/cmti7.pfb></usr/local/texlive/2019/texmf-dist/fonts/
type1/public/amsfonts/cm/cmti8.pfb></usr/local/texlive/2019/texmf-dist/fonts/ty
pe1/public/amsfonts/cm/cmtt10.pfb></usr/local/texlive/2019/texmf-dist/fonts/typ
e1/public/amsfonts/cm/cmtt8.pfb></usr/local/texlive/2019/texmf-dist/fonts/type1
/public/amsfonts/cm/cmtt9.pfb></usr/local/texlive/2019/texmf-dist/fonts/type1/p
ublic/amsfonts/latxfont/line10.pfb></usr/local/texlive/2019/texmf-dist/fonts/ty
pe1/public/amsfonts/symbols/msam10.pfb></usr/local/texlive/2019/texmf-dist/font
s/type1/public/amsfonts/symbols/msbm10.pfb></usr/local/texlive/2019/texmf-dist/
fonts/type1/public/cm-super/sfrm0900.pfb></usr/local/texlive/2019/texmf-dist/fo
nts/type1/public/cm-super/sfrm1000.pfb></usr/local/texlive/2019/texmf-dist/font
s/type1/public/cm-super/sfsl1000.pfb></usr/local/texlive/2019/texmf-dist/fonts/
type1/public/cm-super/sfti1000.pfb>
Output written on MAP2302book-full.pdf (259 pages, 2582947 bytes).
PDF statistics:
 3883 PDF objects out of 4296 (max. 8388607)
 3404 compressed objects within 35 object streams
 1420 named destinations out of 1440 (max. 500000)
 1448 words of extra memory for PDF output out of 10000 (max. 10000000)

